2015-01-24 16:02:08 INFO  main [mainwindow.cpp:80] Mitsuba version 0.5.0 (Windows, 64 bit), Copyright (c) 2014 Wenzel Jakob
2015-01-24 16:02:08 INFO  main [mainwindow.cpp:83] Configured for RGB-based rendering
2015-01-24 16:02:08 DEBUG main [WGLSession] Initializing WGL session
2015-01-24 16:02:08 DEBUG main [WGLRenderer] Using an existing WGL context
2015-01-24 16:02:08 DEBUG main [GLRenderer] OpenGL renderer : GeForce GTX 660 Ti/PCIe/SSE2
2015-01-24 16:02:08 DEBUG main [GLRenderer] OpenGL vendor   : NVIDIA Corporation
2015-01-24 16:02:08 DEBUG main [GLRenderer] OpenGL version  : 4.4.0
2015-01-24 16:02:08 DEBUG main [GLRenderer] Capabilities: Framebuffers objects are supported.
2015-01-24 16:02:08 DEBUG main [GLRenderer] Capabilities: GLSL is supported.
2015-01-24 16:02:08 DEBUG main [GLRenderer] Capabilities: Floating point textures are supported.
2015-01-24 16:02:08 DEBUG main [GLRenderer] Capabilities: Floating point color buffers are supported.
2015-01-24 16:02:08 DEBUG main [GLRenderer] Capabilities: Fast buffer blitting is supported.
2015-01-24 16:02:08 DEBUG main [GLRenderer] Capabilities: Multisample framebuffer objects are supported.
2015-01-24 16:02:08 DEBUG main [GLRenderer] Capabilities: Vertex buffer objects are supported.
2015-01-24 16:02:08 DEBUG main [GLRenderer] Capabilities: Geometry shaders are supported.
2015-01-24 16:02:08 DEBUG main [GLRenderer] Capabilities: Custom texture filtering is supported.
2015-01-24 16:02:08 DEBUG main [GLRenderer] Capabilities: Synchronization objects are supported.
2015-01-24 16:02:08 DEBUG main [GLRenderer] Capabilities: Bindless rendering is supported.
2015-01-24 16:02:08 DEBUG main [Thread] Spawning thread "prvw"
2015-01-24 16:02:08 DEBUG prvw [WGLDevice] Initializing WGL device
2015-01-24 16:02:08 DEBUG prvw [WGLRenderer] Initializing WGL renderer
2015-01-24 16:02:08 DEBUG prvw [GLProgram] Uploading a GPU program : GPUProgram[name = 'Accumulation program']
2015-01-24 16:02:08 DEBUG prvw [GLProgram] Uploading a GPU program : GPUProgram[name = 'Directional shadow map generator']
2015-01-24 16:02:08 DEBUG prvw [GLProgram] Uploading a GPU program : GPUProgram[name = 'Paraboloid shadow map generator', maxVertices=4]
2015-01-24 16:02:08 DEBUG prvw [GLProgram] Uploading a GPU program : GPUProgram[name = 'Cube/Hemicube shadow map generator (5/6 pass version)']
2015-01-24 16:02:08 DEBUG prvw [GLProgram] Uploading a GPU program : GPUProgram[name = 'Cube shadow map generator (1 pass version)', maxVertices=18]
2015-01-24 16:02:08 DEBUG prvw [GLProgram] Uploading a GPU program : GPUProgram[name = 'Hemicube shadow map generator (1 pass version)', maxVertices=15]
2015-01-24 16:02:08 DEBUG main [GLProgram] Uploading a GPU program : GPUProgram[name = 'Tonemapper [Gamma]']
2015-01-24 16:02:08 DEBUG main [GLProgram] Uploading a GPU program : GPUProgram[name = 'Tonemapper [Reinhard et al. 2002]']
2015-01-24 16:02:08 DEBUG main [GLProgram] Uploading a GPU program : GPUProgram[name = 'Downsampling program']
2015-01-24 16:02:08 DEBUG main [GLProgram] Uploading a GPU program : GPUProgram[name = 'Log-luminance program']
2015-01-24 16:02:08 DEBUG main [Thread] Spawning thread "wrk0"
2015-01-24 16:02:08 DEBUG main [Thread] Spawning thread "wrk1"
2015-01-24 16:02:08 DEBUG main [Thread] Spawning thread "wrk2"
2015-01-24 16:02:08 DEBUG main [Thread] Spawning thread "wrk3"
2015-01-24 16:02:11 DEBUG main [Thread] Spawning thread "load"
2015-01-24 16:02:11 INFO  load [sceneloader.cpp:101] Parsing scene description from "E:\Kekse\projekte\Bachelorarbeit\Szenen\veach_bidir\bidir.xml" ..
2015-01-24 16:02:11 INFO  load [PluginManager] Loading plugin "plugins\bdpt.dll" ..
2015-01-24 16:02:11 INFO  load [PluginManager] Loading plugin "plugins\ldsampler.dll" ..
2015-01-24 16:02:11 INFO  load [PluginManager] Loading plugin "plugins\gaussian.dll" ..
2015-01-24 16:02:11 INFO  load [PluginManager] Loading plugin "plugins\hdrfilm.dll" ..
2015-01-24 16:02:11 INFO  load [PluginManager] Loading plugin "plugins\perspective.dll" ..
2015-01-24 16:02:11 INFO  load [PluginManager] Loading plugin "plugins\dielectric.dll" ..
2015-01-24 16:02:11 INFO  load [PluginManager] Loading plugin "plugins\homogeneous.dll" ..
2015-01-24 16:02:11 DEBUG load [materials.h:195] Medium parameters: sigmaS=[0.74, 0.88, 1.01], sigmaA=[0.032, 0.17, 0.48], g=0
2015-01-24 16:02:11 INFO  load [PluginManager] Loading plugin "plugins\isotropic.dll" ..
2015-01-24 16:02:11 INFO  load [PluginManager] Loading plugin "plugins\ward.dll" ..
2015-01-24 16:02:11 INFO  load [PluginManager] Loading plugin "plugins\diffuse.dll" ..
2015-01-24 16:02:11 INFO  load [PluginManager] Loading plugin "plugins\serialized.dll" ..
2015-01-24 16:02:11 INFO  load [SerializedMesh] Loading shape 0 from "bidir.serialized" ..
2015-01-24 16:02:11 DEBUG load [SerializedMesh] Done (2162 triangles, 1083 vertices, 19 ms)
2015-01-24 16:02:11 INFO  load [SerializedMesh] Loading shape 1 from "bidir.serialized" ..
2015-01-24 16:02:11 DEBUG load [SerializedMesh] Done (70 triangles, 79 vertices, 0 ms)
2015-01-24 16:02:11 INFO  load [SerializedMesh] Loading shape 2 from "bidir.serialized" ..
2015-01-24 16:02:11 DEBUG load [SerializedMesh] Done (64 triangles, 96 vertices, 0 ms)
2015-01-24 16:02:11 INFO  load [SerializedMesh] Loading shape 3 from "bidir.serialized" ..
2015-01-24 16:02:11 DEBUG load [SerializedMesh] Done (64 triangles, 64 vertices, 0 ms)
2015-01-24 16:02:11 INFO  load [SerializedMesh] Loading shape 4 from "bidir.serialized" ..
2015-01-24 16:02:11 DEBUG load [SerializedMesh] Done (128 triangles, 128 vertices, 0 ms)
2015-01-24 16:02:11 INFO  load [SerializedMesh] Loading shape 5 from "bidir.serialized" ..
2015-01-24 16:02:11 DEBUG load [SerializedMesh] Done (98 triangles, 165 vertices, 0 ms)
2015-01-24 16:02:11 INFO  load [PluginManager] Loading plugin "plugins\area.dll" ..
2015-01-24 16:02:11 INFO  load [SerializedMesh] Loading shape 6 from "bidir.serialized" ..
2015-01-24 16:02:11 DEBUG load [SerializedMesh] Done (2 triangles, 4 vertices, 0 ms)
2015-01-24 16:02:11 INFO  load [SerializedMesh] Loading shape 7 from "bidir.serialized" ..
2015-01-24 16:02:11 DEBUG load [SerializedMesh] Done (2 triangles, 4 vertices, 0 ms)
2015-01-24 16:02:11 INFO  load [SerializedMesh] Loading shape 8 from "bidir.serialized" ..
2015-01-24 16:02:11 DEBUG load [SerializedMesh] Done (630 triangles, 391 vertices, 0 ms)
2015-01-24 16:02:11 INFO  load [SerializedMesh] Loading shape 9 from "bidir.serialized" ..
2015-01-24 16:02:11 DEBUG load [SerializedMesh] Done (160 triangles, 160 vertices, 0 ms)
2015-01-24 16:02:11 INFO  load [SerializedMesh] Loading shape 10 from "bidir.serialized" ..
2015-01-24 16:02:11 DEBUG load [SerializedMesh] Done (12 triangles, 26 vertices, 0 ms)
2015-01-24 16:02:11 INFO  load [KDTreeBase] Constructing a SAH kd-tree (3392 primitives) ..
2015-01-24 16:02:11 DEBUG load [KDTreeBase] Creating a preliminary index list (13.3 KiB)
2015-01-24 16:02:11 DEBUG load [KDTreeBase] Computed scene bounds in 2 ms
2015-01-24 16:02:11 DEBUG load [KDTreeBase] 
2015-01-24 16:02:11 DEBUG load [KDTreeBase] kd-tree configuration:
2015-01-24 16:02:11 DEBUG load [KDTreeBase]    Traversal cost           : 15.00
2015-01-24 16:02:11 DEBUG load [KDTreeBase]    Query cost               : 20.00
2015-01-24 16:02:11 DEBUG load [KDTreeBase]    Empty space bonus        : 0.90
2015-01-24 16:02:11 DEBUG load [KDTreeBase]    Max. tree depth          : 22
2015-01-24 16:02:11 DEBUG load [KDTreeBase]    Scene bounding box (min) : [-2.7449, -2.20849, -1.94146]
2015-01-24 16:02:11 DEBUG load [KDTreeBase]    Scene bounding box (max) : [1.64607, 2.05149, 1.95417]
2015-01-24 16:02:11 DEBUG load [KDTreeBase]    Min-max bins             : 128
2015-01-24 16:02:11 DEBUG load [KDTreeBase]    O(n log n) method        : use for <= 65536 primitives
2015-01-24 16:02:11 DEBUG load [KDTreeBase]    Perfect splits           : yes
2015-01-24 16:02:11 DEBUG load [KDTreeBase]    Retract bad splits       : yes
2015-01-24 16:02:11 DEBUG load [KDTreeBase]    Stopping primitive count : 6
2015-01-24 16:02:11 DEBUG load [KDTreeBase]    Build tree in parallel   : no
2015-01-24 16:02:11 DEBUG load [KDTreeBase] 
2015-01-24 16:02:12 INFO  load [KDTreeBase] Finished -- took 127 ms.
2015-01-24 16:02:12 DEBUG load [KDTreeBase] 
2015-01-24 16:02:12 DEBUG load [KDTreeBase] Temporary memory statistics:
2015-01-24 16:02:12 DEBUG load [KDTreeBase]    Classification storage : 4.1 KiB
2015-01-24 16:02:12 DEBUG load [KDTreeBase]    Indirection entries    : 0 (0 B)
2015-01-24 16:02:12 DEBUG load [KDTreeBase]    Main thread:
2015-01-24 16:02:12 DEBUG load [KDTreeBase]       Left events   : 1 chunks (512.0 KiB)
2015-01-24 16:02:12 DEBUG load [KDTreeBase]       Right events  : 1 chunks (512.0 KiB)
2015-01-24 16:02:12 DEBUG load [KDTreeBase]       kd-tree nodes : 6481 entries, 1 blocks (512.0 KiB)
2015-01-24 16:02:12 DEBUG load [KDTreeBase]       Indices       : 11228 entries, 1 blocks (512.0 KiB)
2015-01-24 16:02:12 DEBUG load [KDTreeBase]    Total: 2.0 MiB
2015-01-24 16:02:12 DEBUG load [KDTreeBase] 
2015-01-24 16:02:12 DEBUG load [KDTreeBase] Optimizing memory layout ..
2015-01-24 16:02:12 DEBUG load [KDTreeBase] Finished -- took 1 ms.
2015-01-24 16:02:12 DEBUG load [KDTreeBase] 
2015-01-24 16:02:12 DEBUG load [KDTreeBase] Structural kd-tree statistics:
2015-01-24 16:02:12 DEBUG load [KDTreeBase]    Parallel work units         : 0
2015-01-24 16:02:12 DEBUG load [KDTreeBase]    Node storage cost           : 49.7 KiB
2015-01-24 16:02:12 DEBUG load [KDTreeBase]    Index storage cost          : 43.9 KiB
2015-01-24 16:02:12 DEBUG load [KDTreeBase]    Inner nodes                 : 3182
2015-01-24 16:02:12 DEBUG load [KDTreeBase]    Leaf nodes                  : 3183
2015-01-24 16:02:12 DEBUG load [KDTreeBase]    Nonempty leaf nodes         : 2138
2015-01-24 16:02:12 DEBUG load [KDTreeBase]    Leaf node histogram         : 0(1045) 1(69) 2(106) 3(206) 
2015-01-24 16:02:12 DEBUG load [KDTreeBase]                                  4(480) 5(437) 6(542) 7(83) 
2015-01-24 16:02:12 DEBUG load [KDTreeBase]                                  8(52) 9(36) 10(39) 11(20) 
2015-01-24 16:02:12 DEBUG load [KDTreeBase]                                  12(10) 13(21) 14(12) 15(1) 
2015-01-24 16:02:12 DEBUG load [KDTreeBase] 
2015-01-24 16:02:12 DEBUG load [KDTreeBase] Qualitative kd-tree statistics:
2015-01-24 16:02:12 DEBUG load [KDTreeBase]    Retracted splits            : 92
2015-01-24 16:02:12 DEBUG load [KDTreeBase]    Pruned primitives           : 0
2015-01-24 16:02:12 DEBUG load [KDTreeBase]    Largest leaf node           : 34 primitives
2015-01-24 16:02:12 DEBUG load [KDTreeBase]    Avg. prims/nonempty leaf    : 5.25
2015-01-24 16:02:12 DEBUG load [KDTreeBase]    Expected traversals/query   : 13.93
2015-01-24 16:02:12 DEBUG load [KDTreeBase]    Expected leaf visits/query  : 4.41
2015-01-24 16:02:12 DEBUG load [KDTreeBase]    Expected prim. visits/query : 17.89
2015-01-24 16:02:12 DEBUG load [KDTreeBase]    Final cost                  : 566.68
2015-01-24 16:02:12 DEBUG load [KDTreeBase] 
2015-01-24 16:02:12 DEBUG load [ShapeKDTree] Precomputing triangle intersection information (159.0 KiB)
2015-01-24 16:02:12 DEBUG load [ShapeKDTree] Finished -- took 0 ms.
2015-01-24 16:02:12 DEBUG load [ShapeKDTree] 
2015-01-24 16:02:12 DEBUG load [Thread] Thread "load" has finished
2015-01-24 16:02:12 INFO  prvw [PluginManager] Loading plugin "plugins\halton.dll" ..
2015-01-24 16:02:12 DEBUG prvw [GLProgram] Uploading a GPU program : GPUProgram[name = 'vpl=SmoothDiffuseShader[ConstantSpectrumTextureShader], bsdf=SmoothDielectricShader, ds']
2015-01-24 16:02:12 DEBUG prvw [GLProgram] Uploading a GPU program : GPUProgram[name = 'vpl=SmoothDiffuseShader[ConstantSpectrumTextureShader], bsdf=SmoothDiffuseShader[ConstantSpectrumTextureShader], ds']
2015-01-24 16:02:12 DEBUG prvw [GLProgram] Uploading a GPU program : GPUProgram[name = 'vpl=SmoothDiffuseShader[ConstantSpectrumTextureShader], bsdf=SmoothDiffuseShader[ConstantSpectrumTextureShader], emitter=AreaLightShader, ds']
2015-01-24 16:02:12 DEBUG prvw [GLProgram] Uploading a GPU program : GPUProgram[name = 'vpl=SmoothDiffuseShader[ConstantSpectrumTextureShader], bsdf=WardShader[ConstantSpectrumTextureShader, ConstantSpectrumTextureShader, ConstantFloatTextureShader, ConstantFloatTextureShader], ds']
2015-01-24 16:02:12 DEBUG prvw [GLProgram] Uploading a GPU program : GPUProgram[name = 'vpl=WardShader[ConstantSpectrumTextureShader, ConstantSpectrumTextureShader, ConstantFloatTextureShader, ConstantFloatTextureShader], bsdf=SmoothDielectricShader, ds']
2015-01-24 16:02:12 DEBUG prvw [GLProgram] Uploading a GPU program : GPUProgram[name = 'vpl=WardShader[ConstantSpectrumTextureShader, ConstantSpectrumTextureShader, ConstantFloatTextureShader, ConstantFloatTextureShader], bsdf=SmoothDiffuseShader[ConstantSpectrumTextureShader], ds']
2015-01-24 16:02:12 DEBUG prvw [GLProgram] Uploading a GPU program : GPUProgram[name = 'vpl=WardShader[ConstantSpectrumTextureShader, ConstantSpectrumTextureShader, ConstantFloatTextureShader, ConstantFloatTextureShader], bsdf=SmoothDiffuseShader[ConstantSpectrumTextureShader], emitter=AreaLightShader, ds']
2015-01-24 16:02:12 DEBUG prvw [GLProgram] Uploading a GPU program : GPUProgram[name = 'vpl=WardShader[ConstantSpectrumTextureShader, ConstantSpectrumTextureShader, ConstantFloatTextureShader, ConstantFloatTextureShader], bsdf=WardShader[ConstantSpectrumTextureShader, ConstantSpectrumTextureShader, ConstantFloatTextureShader, ConstantFloatTextureShader], ds']
2015-01-24 16:02:12 DEBUG prvw [GLProgram] Uploading a GPU program : GPUProgram[name = 'vpl=AreaLightShader, bsdf=SmoothDielectricShader, ds']
2015-01-24 16:02:12 DEBUG prvw [GLProgram] Uploading a GPU program : GPUProgram[name = 'vpl=AreaLightShader, bsdf=SmoothDiffuseShader[ConstantSpectrumTextureShader], ds']
2015-01-24 16:02:12 DEBUG prvw [GLProgram] Uploading a GPU program : GPUProgram[name = 'vpl=AreaLightShader, bsdf=SmoothDiffuseShader[ConstantSpectrumTextureShader], emitter=AreaLightShader, ds']
2015-01-24 16:02:12 DEBUG prvw [GLProgram] Uploading a GPU program : GPUProgram[name = 'vpl=AreaLightShader, bsdf=WardShader[ConstantSpectrumTextureShader, ConstantSpectrumTextureShader, ConstantFloatTextureShader, ConstantFloatTextureShader], ds']
2015-01-24 16:02:31 DEBUG main [Thread] Spawning thread "rend"
2015-01-24 16:02:31 DEBUG rend [BDPTIntegrator] Size of data structures: PathVertex=232 bytes, PathEdge=56 bytes
2015-01-24 16:02:31 INFO  rend [BDPTIntegrator] Starting render job (768x576, 256 samples, 4 cores, SSE2 enabled) ..
2015-01-24 16:02:31 DEBUG rend [bdpt.h:76] Bidirectional path tracer configuration:
2015-01-24 16:02:31 DEBUG rend [bdpt.h:77]    Maximum path depth          : 20
2015-01-24 16:02:31 DEBUG rend [bdpt.h:79]    Image size                  : 768x576
2015-01-24 16:02:31 DEBUG rend [bdpt.h:81]    Direct sampling strategies  : yes
2015-01-24 16:02:31 DEBUG rend [bdpt.h:83]    Generate light image        : yes
2015-01-24 16:02:31 DEBUG rend [bdpt.h:84]    Russian roulette depth      : 5
2015-01-24 16:02:31 DEBUG rend [bdpt.h:85]    Block size                  : 32
2015-01-24 16:02:31 DEBUG rend [bdpt.h:86]    Number of samples           : 256
2015-01-24 16:48:52 INFO  rend [RenderJob] Render time: 46.3574m
2015-01-24 16:48:52 DEBUG rend [HDRFilm] Developing film ..
2015-01-24 16:48:52 INFO  rend [HDRFilm] Writing image to "E:\Kekse\projekte\Bachelorarbeit\Szenen\veach_bidir\bidir.exr" ..
2015-01-24 16:48:52 DEBUG rend [Bitmap] Writing a 768x576 OpenEXR file
2015-01-24 16:48:53 DEBUG rend [Thread] Thread "rend" has finished
2015-01-24 17:41:24 DEBUG main [Bitmap] Writing a 768x576 PNG file
2015-01-24 17:41:37 DEBUG main [GLProgram] Freeing GPU program "vpl=AreaLightShader, bsdf=SmoothDielectricShader, ds"
2015-01-24 17:41:37 DEBUG main [GLProgram] Freeing GPU program "vpl=AreaLightShader, bsdf=SmoothDiffuseShader[ConstantSpectrumTextureShader], ds"
2015-01-24 17:41:37 DEBUG main [GLProgram] Freeing GPU program "vpl=AreaLightShader, bsdf=SmoothDiffuseShader[ConstantSpectrumTextureShader], emitter=AreaLightShader, ds"
2015-01-24 17:41:37 DEBUG main [GLProgram] Freeing GPU program "vpl=AreaLightShader, bsdf=WardShader[ConstantSpectrumTextureShader, ConstantSpectrumTextureShader, ConstantFloatTextureShader, ConstantFloatTextureShader], ds"
2015-01-24 17:41:37 DEBUG main [GLProgram] Freeing GPU program "vpl=SmoothDiffuseShader[ConstantSpectrumTextureShader], bsdf=SmoothDielectricShader, ds"
2015-01-24 17:41:37 DEBUG main [GLProgram] Freeing GPU program "vpl=SmoothDiffuseShader[ConstantSpectrumTextureShader], bsdf=SmoothDiffuseShader[ConstantSpectrumTextureShader], ds"
2015-01-24 17:41:37 DEBUG main [GLProgram] Freeing GPU program "vpl=SmoothDiffuseShader[ConstantSpectrumTextureShader], bsdf=SmoothDiffuseShader[ConstantSpectrumTextureShader], emitter=AreaLightShader, ds"
2015-01-24 17:41:37 DEBUG main [GLProgram] Freeing GPU program "vpl=SmoothDiffuseShader[ConstantSpectrumTextureShader], bsdf=WardShader[ConstantSpectrumTextureShader, ConstantSpectrumTextureShader, ConstantFloatTextureShader, ConstantFloatTextureShader], ds"
2015-01-24 17:41:37 DEBUG main [GLProgram] Freeing GPU program "vpl=WardShader[ConstantSpectrumTextureShader, ConstantSpectrumTextureShader, ConstantFloatTextureShader, ConstantFloatTextureShader], bsdf=SmoothDielectricShader, ds"
2015-01-24 17:41:37 DEBUG main [GLProgram] Freeing GPU program "vpl=WardShader[ConstantSpectrumTextureShader, ConstantSpectrumTextureShader, ConstantFloatTextureShader, ConstantFloatTextureShader], bsdf=SmoothDiffuseShader[ConstantSpectrumTextureShader], ds"
2015-01-24 17:41:37 DEBUG main [GLProgram] Freeing GPU program "vpl=WardShader[ConstantSpectrumTextureShader, ConstantSpectrumTextureShader, ConstantFloatTextureShader, ConstantFloatTextureShader], bsdf=SmoothDiffuseShader[ConstantSpectrumTextureShader], emitter=AreaLightShader, ds"
2015-01-24 17:41:37 DEBUG main [GLProgram] Freeing GPU program "vpl=WardShader[ConstantSpectrumTextureShader, ConstantSpectrumTextureShader, ConstantFloatTextureShader, ConstantFloatTextureShader], bsdf=WardShader[ConstantSpectrumTextureShader, ConstantSpectrumTextureShader, ConstantFloatTextureShader, ConstantFloatTextureShader], ds"
2015-01-24 17:41:37 DEBUG prvw [GLProgram] Freeing GPU program "Directional shadow map generator"
2015-01-24 17:41:37 DEBUG prvw [GLProgram] Freeing GPU program "Paraboloid shadow map generator"
2015-01-24 17:41:37 DEBUG prvw [GLProgram] Freeing GPU program "Cube/Hemicube shadow map generator (5/6 pass version)"
2015-01-24 17:41:37 DEBUG prvw [GLProgram] Freeing GPU program "Cube shadow map generator (1 pass version)"
2015-01-24 17:41:37 DEBUG prvw [GLProgram] Freeing GPU program "Hemicube shadow map generator (1 pass version)"
2015-01-24 17:41:37 DEBUG prvw [GLProgram] Freeing GPU program "Accumulation program"
2015-01-24 17:41:37 DEBUG prvw [WGLRenderer] Shutting down WGL Renderer
2015-01-24 17:41:37 DEBUG prvw [WGLDevice] Shutting down WGL device
2015-01-24 17:41:37 DEBUG prvw [Thread] Thread "prvw" has finished
2015-01-24 17:41:37 DEBUG wrk2 [Thread] Thread "wrk2" has finished
2015-01-24 17:41:37 DEBUG wrk1 [Thread] Thread "wrk1" has finished
2015-01-24 17:41:37 DEBUG wrk3 [Thread] Thread "wrk3" has finished
2015-01-24 17:41:37 DEBUG wrk0 [Thread] Thread "wrk0" has finished
2015-01-24 17:41:37 DEBUG main [GLProgram] Freeing GPU program "Log-luminance program"
2015-01-24 17:41:37 DEBUG main [GLProgram] Freeing GPU program "Downsampling program"
2015-01-24 17:41:37 DEBUG main [GLProgram] Freeing GPU program "Tonemapper [Reinhard et al. 2002]"
2015-01-24 17:41:37 DEBUG main [GLProgram] Freeing GPU program "Tonemapper [Gamma]"
2015-01-24 17:41:37 DEBUG main [WGLSession] Shutting down WGL session
2015-01-24 17:41:37 INFO  main [statistics.cpp:142] Statistics:
------------------------------------------------------------
 * Loaded plugins :
    -  plugins\area.dll [Area light]
    -  plugins\bdpt.dll [Bidirectional path tracer]
    -  plugins\dielectric.dll [Smooth dielectric BSDF]
    -  plugins\diffuse.dll [Smooth diffuse BRDF]
    -  plugins\gaussian.dll [Gaussian reconstruction filter]
    -  plugins\halton.dll [Halton QMC sampler]
    -  plugins\hdrfilm.dll [High dynamic range film]
    -  plugins\homogeneous.dll [Homogeneous medium]
    -  plugins\isotropic.dll [Isotropic phase function]
    -  plugins\ldsampler.dll [Low discrepancy sampler]
    -  plugins\perspective.dll [Perspective camera]
    -  plugins\serialized.dll [Serialized mesh loader]
    -  plugins\ward.dll [Anisotropic Ward BRDF]

  * General :
    -  Normal rays traced : 2.061 G
    -  Shadow rays traced : 1.666 K

  * VPL renderer :
    -  Max. # of drawn triangles : 3.392 K
    -  Pruned VPLs : 66.67 % (6.00 of 9.00)
------------------------------------------------------------
