2015-01-26 14:56:07 INFO  main [mainwindow.cpp:80] Mitsuba version 0.5.0 (Windows, 64 bit), Copyright (c) 2014 Wenzel Jakob
2015-01-26 14:56:07 INFO  main [mainwindow.cpp:83] Configured for RGB-based rendering
2015-01-26 14:56:07 DEBUG main [WGLSession] Initializing WGL session
2015-01-26 14:56:07 DEBUG main [WGLRenderer] Using an existing WGL context
2015-01-26 14:56:07 DEBUG main [GLRenderer] OpenGL renderer : GeForce GTX 660 Ti/PCIe/SSE2
2015-01-26 14:56:07 DEBUG main [GLRenderer] OpenGL vendor   : NVIDIA Corporation
2015-01-26 14:56:07 DEBUG main [GLRenderer] OpenGL version  : 4.4.0
2015-01-26 14:56:07 DEBUG main [GLRenderer] Capabilities: Framebuffers objects are supported.
2015-01-26 14:56:07 DEBUG main [GLRenderer] Capabilities: GLSL is supported.
2015-01-26 14:56:07 DEBUG main [GLRenderer] Capabilities: Floating point textures are supported.
2015-01-26 14:56:07 DEBUG main [GLRenderer] Capabilities: Floating point color buffers are supported.
2015-01-26 14:56:07 DEBUG main [GLRenderer] Capabilities: Fast buffer blitting is supported.
2015-01-26 14:56:07 DEBUG main [GLRenderer] Capabilities: Multisample framebuffer objects are supported.
2015-01-26 14:56:07 DEBUG main [GLRenderer] Capabilities: Vertex buffer objects are supported.
2015-01-26 14:56:07 DEBUG main [GLRenderer] Capabilities: Geometry shaders are supported.
2015-01-26 14:56:07 DEBUG main [GLRenderer] Capabilities: Custom texture filtering is supported.
2015-01-26 14:56:07 DEBUG main [GLRenderer] Capabilities: Synchronization objects are supported.
2015-01-26 14:56:07 DEBUG main [GLRenderer] Capabilities: Bindless rendering is supported.
2015-01-26 14:56:07 DEBUG main [Thread] Spawning thread "prvw"
2015-01-26 14:56:07 DEBUG prvw [WGLDevice] Initializing WGL device
2015-01-26 14:56:07 DEBUG prvw [WGLRenderer] Initializing WGL renderer
2015-01-26 14:56:07 DEBUG prvw [GLProgram] Uploading a GPU program : GPUProgram[name = 'Accumulation program']
2015-01-26 14:56:07 DEBUG prvw [GLProgram] Uploading a GPU program : GPUProgram[name = 'Directional shadow map generator']
2015-01-26 14:56:07 DEBUG prvw [GLProgram] Uploading a GPU program : GPUProgram[name = 'Paraboloid shadow map generator', maxVertices=4]
2015-01-26 14:56:07 DEBUG prvw [GLProgram] Uploading a GPU program : GPUProgram[name = 'Cube/Hemicube shadow map generator (5/6 pass version)']
2015-01-26 14:56:07 DEBUG prvw [GLProgram] Uploading a GPU program : GPUProgram[name = 'Cube shadow map generator (1 pass version)', maxVertices=18]
2015-01-26 14:56:07 DEBUG prvw [GLProgram] Uploading a GPU program : GPUProgram[name = 'Hemicube shadow map generator (1 pass version)', maxVertices=15]
2015-01-26 14:56:07 DEBUG main [GLProgram] Uploading a GPU program : GPUProgram[name = 'Tonemapper [Gamma]']
2015-01-26 14:56:07 DEBUG main [GLProgram] Uploading a GPU program : GPUProgram[name = 'Tonemapper [Reinhard et al. 2002]']
2015-01-26 14:56:07 DEBUG main [GLProgram] Uploading a GPU program : GPUProgram[name = 'Downsampling program']
2015-01-26 14:56:07 DEBUG main [GLProgram] Uploading a GPU program : GPUProgram[name = 'Log-luminance program']
2015-01-26 14:56:07 DEBUG main [Thread] Spawning thread "wrk0"
2015-01-26 14:56:07 DEBUG main [Thread] Spawning thread "wrk1"
2015-01-26 14:56:07 DEBUG main [Thread] Spawning thread "wrk2"
2015-01-26 14:56:07 DEBUG main [Thread] Spawning thread "wrk3"
2015-01-26 14:56:11 DEBUG main [Thread] Spawning thread "load"
2015-01-26 14:56:11 INFO  load [sceneloader.cpp:101] Parsing scene description from "E:\Kekse\projekte\Bachelorarbeit\Szenen\veach_bidir\bidir.xml" ..
2015-01-26 14:56:11 INFO  load [PluginManager] Loading plugin "plugins\bdpt.dll" ..
2015-01-26 14:56:11 INFO  load [PluginManager] Loading plugin "plugins\ldsampler.dll" ..
2015-01-26 14:56:11 INFO  load [PluginManager] Loading plugin "plugins\gaussian.dll" ..
2015-01-26 14:56:11 INFO  load [PluginManager] Loading plugin "plugins\hdrfilm.dll" ..
2015-01-26 14:56:11 INFO  load [PluginManager] Loading plugin "plugins\perspective.dll" ..
2015-01-26 14:56:11 INFO  load [PluginManager] Loading plugin "plugins\dielectric.dll" ..
2015-01-26 14:56:11 INFO  load [PluginManager] Loading plugin "plugins\homogeneous.dll" ..
2015-01-26 14:56:11 DEBUG load [materials.h:195] Medium parameters: sigmaS=[0.74, 0.88, 1.01], sigmaA=[0.032, 0.17, 0.48], g=0
2015-01-26 14:56:11 INFO  load [PluginManager] Loading plugin "plugins\isotropic.dll" ..
2015-01-26 14:56:11 INFO  load [PluginManager] Loading plugin "plugins\ward.dll" ..
2015-01-26 14:56:11 INFO  load [PluginManager] Loading plugin "plugins\diffuse.dll" ..
2015-01-26 14:56:11 INFO  load [PluginManager] Loading plugin "plugins\serialized.dll" ..
2015-01-26 14:56:11 INFO  load [SerializedMesh] Loading shape 0 from "bidir.serialized" ..
2015-01-26 14:56:11 DEBUG load [SerializedMesh] Done (2162 triangles, 1083 vertices, 0 ms)
2015-01-26 14:56:11 INFO  load [SerializedMesh] Loading shape 1 from "bidir.serialized" ..
2015-01-26 14:56:11 DEBUG load [SerializedMesh] Done (70 triangles, 79 vertices, 0 ms)
2015-01-26 14:56:11 INFO  load [SerializedMesh] Loading shape 2 from "bidir.serialized" ..
2015-01-26 14:56:11 DEBUG load [SerializedMesh] Done (64 triangles, 96 vertices, 0 ms)
2015-01-26 14:56:11 INFO  load [SerializedMesh] Loading shape 3 from "bidir.serialized" ..
2015-01-26 14:56:11 DEBUG load [SerializedMesh] Done (64 triangles, 64 vertices, 0 ms)
2015-01-26 14:56:11 INFO  load [SerializedMesh] Loading shape 4 from "bidir.serialized" ..
2015-01-26 14:56:11 DEBUG load [SerializedMesh] Done (128 triangles, 128 vertices, 0 ms)
2015-01-26 14:56:11 INFO  load [SerializedMesh] Loading shape 5 from "bidir.serialized" ..
2015-01-26 14:56:11 DEBUG load [SerializedMesh] Done (98 triangles, 165 vertices, 0 ms)
2015-01-26 14:56:11 INFO  load [PluginManager] Loading plugin "plugins\area.dll" ..
2015-01-26 14:56:11 INFO  load [SerializedMesh] Loading shape 6 from "bidir.serialized" ..
2015-01-26 14:56:11 DEBUG load [SerializedMesh] Done (2 triangles, 4 vertices, 0 ms)
2015-01-26 14:56:11 INFO  load [SerializedMesh] Loading shape 7 from "bidir.serialized" ..
2015-01-26 14:56:11 DEBUG load [SerializedMesh] Done (2 triangles, 4 vertices, 0 ms)
2015-01-26 14:56:11 INFO  load [SerializedMesh] Loading shape 8 from "bidir.serialized" ..
2015-01-26 14:56:11 DEBUG load [SerializedMesh] Done (630 triangles, 391 vertices, 0 ms)
2015-01-26 14:56:11 INFO  load [SerializedMesh] Loading shape 9 from "bidir.serialized" ..
2015-01-26 14:56:11 DEBUG load [SerializedMesh] Done (160 triangles, 160 vertices, 0 ms)
2015-01-26 14:56:11 INFO  load [SerializedMesh] Loading shape 10 from "bidir.serialized" ..
2015-01-26 14:56:11 DEBUG load [SerializedMesh] Done (12 triangles, 26 vertices, 0 ms)
2015-01-26 14:56:11 INFO  load [KDTreeBase] Constructing a SAH kd-tree (3392 primitives) ..
2015-01-26 14:56:11 DEBUG load [KDTreeBase] Creating a preliminary index list (13.3 KiB)
2015-01-26 14:56:11 DEBUG load [KDTreeBase] Computed scene bounds in 1 ms
2015-01-26 14:56:11 DEBUG load [KDTreeBase] 
2015-01-26 14:56:11 DEBUG load [KDTreeBase] kd-tree configuration:
2015-01-26 14:56:11 DEBUG load [KDTreeBase]    Traversal cost           : 15.00
2015-01-26 14:56:11 DEBUG load [KDTreeBase]    Query cost               : 20.00
2015-01-26 14:56:11 DEBUG load [KDTreeBase]    Empty space bonus        : 0.90
2015-01-26 14:56:11 DEBUG load [KDTreeBase]    Max. tree depth          : 22
2015-01-26 14:56:11 DEBUG load [KDTreeBase]    Scene bounding box (min) : [-2.7449, -2.20849, -1.94146]
2015-01-26 14:56:11 DEBUG load [KDTreeBase]    Scene bounding box (max) : [1.64607, 2.05149, 1.95417]
2015-01-26 14:56:11 DEBUG load [KDTreeBase]    Min-max bins             : 128
2015-01-26 14:56:11 DEBUG load [KDTreeBase]    O(n log n) method        : use for <= 65536 primitives
2015-01-26 14:56:11 DEBUG load [KDTreeBase]    Perfect splits           : yes
2015-01-26 14:56:11 DEBUG load [KDTreeBase]    Retract bad splits       : yes
2015-01-26 14:56:11 DEBUG load [KDTreeBase]    Stopping primitive count : 6
2015-01-26 14:56:11 DEBUG load [KDTreeBase]    Build tree in parallel   : no
2015-01-26 14:56:11 DEBUG load [KDTreeBase] 
2015-01-26 14:56:11 INFO  load [KDTreeBase] Finished -- took 105 ms.
2015-01-26 14:56:11 DEBUG load [KDTreeBase] 
2015-01-26 14:56:11 DEBUG load [KDTreeBase] Temporary memory statistics:
2015-01-26 14:56:11 DEBUG load [KDTreeBase]    Classification storage : 4.1 KiB
2015-01-26 14:56:11 DEBUG load [KDTreeBase]    Indirection entries    : 0 (0 B)
2015-01-26 14:56:11 DEBUG load [KDTreeBase]    Main thread:
2015-01-26 14:56:11 DEBUG load [KDTreeBase]       Left events   : 1 chunks (512.0 KiB)
2015-01-26 14:56:11 DEBUG load [KDTreeBase]       Right events  : 1 chunks (512.0 KiB)
2015-01-26 14:56:11 DEBUG load [KDTreeBase]       kd-tree nodes : 6481 entries, 1 blocks (512.0 KiB)
2015-01-26 14:56:11 DEBUG load [KDTreeBase]       Indices       : 11228 entries, 1 blocks (512.0 KiB)
2015-01-26 14:56:11 DEBUG load [KDTreeBase]    Total: 2.0 MiB
2015-01-26 14:56:11 DEBUG load [KDTreeBase] 
2015-01-26 14:56:11 DEBUG load [KDTreeBase] Optimizing memory layout ..
2015-01-26 14:56:11 DEBUG load [KDTreeBase] Finished -- took 1 ms.
2015-01-26 14:56:11 DEBUG load [KDTreeBase] 
2015-01-26 14:56:11 DEBUG load [KDTreeBase] Structural kd-tree statistics:
2015-01-26 14:56:11 DEBUG load [KDTreeBase]    Parallel work units         : 0
2015-01-26 14:56:11 DEBUG load [KDTreeBase]    Node storage cost           : 49.7 KiB
2015-01-26 14:56:11 DEBUG load [KDTreeBase]    Index storage cost          : 43.9 KiB
2015-01-26 14:56:11 DEBUG load [KDTreeBase]    Inner nodes                 : 3182
2015-01-26 14:56:11 DEBUG load [KDTreeBase]    Leaf nodes                  : 3183
2015-01-26 14:56:11 DEBUG load [KDTreeBase]    Nonempty leaf nodes         : 2138
2015-01-26 14:56:11 DEBUG load [KDTreeBase]    Leaf node histogram         : 0(1045) 1(69) 2(106) 3(206) 
2015-01-26 14:56:11 DEBUG load [KDTreeBase]                                  4(480) 5(437) 6(542) 7(83) 
2015-01-26 14:56:11 DEBUG load [KDTreeBase]                                  8(52) 9(36) 10(39) 11(20) 
2015-01-26 14:56:11 DEBUG load [KDTreeBase]                                  12(10) 13(21) 14(12) 15(1) 
2015-01-26 14:56:11 DEBUG load [KDTreeBase] 
2015-01-26 14:56:11 DEBUG load [KDTreeBase] Qualitative kd-tree statistics:
2015-01-26 14:56:11 DEBUG load [KDTreeBase]    Retracted splits            : 92
2015-01-26 14:56:11 DEBUG load [KDTreeBase]    Pruned primitives           : 0
2015-01-26 14:56:11 DEBUG load [KDTreeBase]    Largest leaf node           : 34 primitives
2015-01-26 14:56:11 DEBUG load [KDTreeBase]    Avg. prims/nonempty leaf    : 5.25
2015-01-26 14:56:11 DEBUG load [KDTreeBase]    Expected traversals/query   : 13.93
2015-01-26 14:56:11 DEBUG load [KDTreeBase]    Expected leaf visits/query  : 4.41
2015-01-26 14:56:11 DEBUG load [KDTreeBase]    Expected prim. visits/query : 17.89
2015-01-26 14:56:11 DEBUG load [KDTreeBase]    Final cost                  : 566.68
2015-01-26 14:56:11 DEBUG load [KDTreeBase] 
2015-01-26 14:56:11 DEBUG load [ShapeKDTree] Precomputing triangle intersection information (159.0 KiB)
2015-01-26 14:56:11 DEBUG load [ShapeKDTree] Finished -- took 0 ms.
2015-01-26 14:56:11 DEBUG load [ShapeKDTree] 
2015-01-26 14:56:11 DEBUG load [Thread] Thread "load" has finished
2015-01-26 14:56:11 INFO  prvw [PluginManager] Loading plugin "plugins\halton.dll" ..
2015-01-26 14:56:11 DEBUG prvw [GLProgram] Uploading a GPU program : GPUProgram[name = 'vpl=SmoothDiffuseShader[ConstantSpectrumTextureShader], bsdf=SmoothDielectricShader, ds']
2015-01-26 14:56:11 DEBUG prvw [GLProgram] Uploading a GPU program : GPUProgram[name = 'vpl=SmoothDiffuseShader[ConstantSpectrumTextureShader], bsdf=WardShader[ConstantSpectrumTextureShader, ConstantSpectrumTextureShader, ConstantFloatTextureShader, ConstantFloatTextureShader], ds']
2015-01-26 14:56:11 DEBUG prvw [GLProgram] Uploading a GPU program : GPUProgram[name = 'vpl=SmoothDiffuseShader[ConstantSpectrumTextureShader], bsdf=SmoothDiffuseShader[ConstantSpectrumTextureShader], ds']
2015-01-26 14:56:11 DEBUG prvw [GLProgram] Uploading a GPU program : GPUProgram[name = 'vpl=SmoothDiffuseShader[ConstantSpectrumTextureShader], bsdf=SmoothDiffuseShader[ConstantSpectrumTextureShader], emitter=AreaLightShader, ds']
2015-01-26 14:56:11 DEBUG prvw [GLProgram] Uploading a GPU program : GPUProgram[name = 'vpl=AreaLightShader, bsdf=SmoothDielectricShader, ds']
2015-01-26 14:56:11 DEBUG prvw [GLProgram] Uploading a GPU program : GPUProgram[name = 'vpl=AreaLightShader, bsdf=WardShader[ConstantSpectrumTextureShader, ConstantSpectrumTextureShader, ConstantFloatTextureShader, ConstantFloatTextureShader], ds']
2015-01-26 14:56:11 DEBUG prvw [GLProgram] Uploading a GPU program : GPUProgram[name = 'vpl=AreaLightShader, bsdf=SmoothDiffuseShader[ConstantSpectrumTextureShader], ds']
2015-01-26 14:56:11 DEBUG prvw [GLProgram] Uploading a GPU program : GPUProgram[name = 'vpl=AreaLightShader, bsdf=SmoothDiffuseShader[ConstantSpectrumTextureShader], emitter=AreaLightShader, ds']
2015-01-26 14:56:11 DEBUG prvw [GLProgram] Uploading a GPU program : GPUProgram[name = 'vpl=WardShader[ConstantSpectrumTextureShader, ConstantSpectrumTextureShader, ConstantFloatTextureShader, ConstantFloatTextureShader], bsdf=SmoothDielectricShader, ds']
2015-01-26 14:56:11 DEBUG prvw [GLProgram] Uploading a GPU program : GPUProgram[name = 'vpl=WardShader[ConstantSpectrumTextureShader, ConstantSpectrumTextureShader, ConstantFloatTextureShader, ConstantFloatTextureShader], bsdf=WardShader[ConstantSpectrumTextureShader, ConstantSpectrumTextureShader, ConstantFloatTextureShader, ConstantFloatTextureShader], ds']
2015-01-26 14:56:11 DEBUG prvw [GLProgram] Uploading a GPU program : GPUProgram[name = 'vpl=WardShader[ConstantSpectrumTextureShader, ConstantSpectrumTextureShader, ConstantFloatTextureShader, ConstantFloatTextureShader], bsdf=SmoothDiffuseShader[ConstantSpectrumTextureShader], ds']
2015-01-26 14:56:11 DEBUG prvw [GLProgram] Uploading a GPU program : GPUProgram[name = 'vpl=WardShader[ConstantSpectrumTextureShader, ConstantSpectrumTextureShader, ConstantFloatTextureShader, ConstantFloatTextureShader], bsdf=SmoothDiffuseShader[ConstantSpectrumTextureShader], emitter=AreaLightShader, ds']
2015-01-26 14:56:31 INFO  main [PluginManager] Loading plugin "plugins\mypathtracerandphotonmapper.dll" ..
2015-01-26 14:56:31 DEBUG main [MyPathTracerAndPhotonMapper] traced_photon_paths = 300000, number_of_envmaps = 20000, fix_w_I = -0.010000, fix_w_E = -0.010000, useFixwE 0, sample_BSDF = 0, samples_for_envmaps 1000
2015-01-26 14:56:32 DEBUG main [Thread] Spawning thread "rend"
2015-01-26 14:56:32 DEBUG rend [MyPathTracerAndPhotonMapper] Solid angles: 0.009547 0.011290 0.014947 0.016199 0.018997 0.022752 0.024495 0.026213 0.025869 0.025673 0.022138 0.019954 0.017966 0.013818 0.012395 0.009302
2015-01-26 14:56:32 DEBUG rend [MyPathTracerAndPhotonMapper] Solid angles: 0.012075 0.013843 0.016469 0.020003 0.024126 0.030680 0.030802 0.035613 0.035441 0.033036 0.029551 0.024470 0.019782 0.016960 0.013155 0.010652
2015-01-26 14:56:32 DEBUG rend [MyPathTracerAndPhotonMapper] Solid angles: 0.013720 0.016444 0.018825 0.021893 0.028127 0.032815 0.037871 0.040080 0.040693 0.036717 0.032619 0.027513 0.022899 0.018334 0.016616 0.014137
2015-01-26 14:56:32 DEBUG rend [MyPathTracerAndPhotonMapper] Solid angles: 0.015094 0.020568 0.022212 0.022899 0.025869 0.030213 0.033993 0.037871 0.036325 0.033429 0.029943 0.025869 0.022089 0.022752 0.020666 0.017377
2015-01-26 14:56:32 DEBUG rend [MyPathTracerAndPhotonMapper] Solid angles: 0.019733 0.024887 0.027513 0.023832 0.024421 0.025525 0.026532 0.029845 0.028839 0.028250 0.024740 0.022089 0.025599 0.027587 0.025746 0.019561
2015-01-26 14:56:32 DEBUG rend [MyPathTracerAndPhotonMapper] Solid angles: 0.023366 0.029894 0.032030 0.031416 0.025501 0.020543 0.020101 0.021451 0.019880 0.019561 0.018751 0.024568 0.031686 0.032668 0.029624 0.021427
2015-01-26 14:56:32 DEBUG rend [MyPathTracerAndPhotonMapper] Solid angles: 0.024838 0.032569 0.037822 0.036398 0.027440 0.019905 0.014014 0.014923 0.013303 0.014579 0.019463 0.028692 0.033036 0.038092 0.032030 0.026041
2015-01-26 14:56:32 DEBUG rend [MyPathTracerAndPhotonMapper] Solid angles: 0.026237 0.034999 0.038558 0.036742 0.029109 0.018604 0.013622 0.009376 0.009916 0.014726 0.020298 0.029452 0.034484 0.039196 0.034828 0.025894
2015-01-26 14:56:32 DEBUG rend [MyPathTracerAndPhotonMapper] Solid angles: 0.026826 0.035858 0.040080 0.036055 0.028937 0.020592 0.013254 0.010431 0.010235 0.014014 0.019905 0.028618 0.038853 0.039564 0.035834 0.026753
2015-01-26 14:56:32 DEBUG rend [MyPathTracerAndPhotonMapper] Solid angles: 0.026164 0.032913 0.035932 0.035392 0.028569 0.019439 0.014358 0.015315 0.014996 0.014088 0.019414 0.028790 0.034803 0.037625 0.033330 0.024863
2015-01-26 14:56:32 DEBUG rend [MyPathTracerAndPhotonMapper] Solid angles: 0.022286 0.028373 0.033208 0.031858 0.025820 0.019120 0.021279 0.020985 0.019929 0.019610 0.018825 0.023906 0.031465 0.032619 0.030189 0.022310
2015-01-26 14:56:32 DEBUG rend [MyPathTracerAndPhotonMapper] Solid angles: 0.021058 0.025329 0.026900 0.026384 0.023120 0.025624 0.027513 0.030041 0.030066 0.028716 0.024691 0.022482 0.026262 0.026875 0.024200 0.020396
2015-01-26 14:56:32 DEBUG rend [MyPathTracerAndPhotonMapper] Solid angles: 0.017500 0.019291 0.021132 0.021967 0.027293 0.032250 0.035539 0.038067 0.037135 0.035220 0.030851 0.026213 0.023047 0.022801 0.020862 0.016052
2015-01-26 14:56:32 DEBUG rend [MyPathTracerAndPhotonMapper] Solid angles: 0.013229 0.016248 0.018530 0.022654 0.026704 0.031809 0.037306 0.041528 0.039319 0.036521 0.032496 0.025943 0.022556 0.018555 0.017598 0.013843
2015-01-26 14:56:32 DEBUG rend [MyPathTracerAndPhotonMapper] Solid angles: 0.010996 0.014677 0.015806 0.020666 0.025894 0.030361 0.032790 0.035760 0.034140 0.030532 0.029305 0.024323 0.019414 0.016371 0.013450 0.011266
2015-01-26 14:56:32 DEBUG rend [MyPathTracerAndPhotonMapper] Solid angles: 0.010161 0.011732 0.014481 0.016076 0.019463 0.022016 0.025894 0.027145 0.025673 0.024519 0.022384 0.019782 0.017892 0.014284 0.011585 0.010014
2015-01-26 14:56:42 DEBUG rend [MyPathTracerAndPhotonMapper] Start placing envmaps. 1927245 Photons in scene.
2015-01-26 14:56:42 DEBUG rend [MyPathTracerAndPhotonMapper] Border size: 2, cropSize: 768 576
2015-01-26 14:56:42 DEBUG rend [MyPathTracerAndPhotonMapper] Added 6909 caches for camera rays
2015-01-26 14:56:42 DEBUG rend [MyPathTracerAndPhotonMapper] Done placing 20000 of 20000 envmapcaches.
2015-01-26 14:56:42 DEBUG rend [MyPathTracerAndPhotonMapper] Start filling envmaps
2015-01-26 14:56:42 DEBUG rend [MyPathTracerAndPhotonMapper] Envmap 0 after progressively filling
2015-01-26 14:56:42 DEBUG rend [MyPathTracerAndPhotonMapper] Values: 10.458436 51.685318 68.017532 0.000000 3.043509 18.330372 54.853092 12.684601 | 0.541650 1.519253 3.576335 2.456253 29.497511 9.973291 0.731364 4.503011
2015-01-26 14:56:42 DEBUG rend [MyPathTracerAndPhotonMapper] Values: 56.848804 388.446198 545.017151 85.024582 27.476431 85.816238 278.565277 92.704956 | 124.540359 1175.354492 1262.483032 0.980249 26.011791 24.099253 0.000000 0.000000
2015-01-26 14:56:42 DEBUG rend [MyPathTracerAndPhotonMapper] Values: 148.165024 693.851440 961.807983 1281.378052 718.683899 191.369171 65.493065 739.413391 | 443.891113 655.077332 715.507141 1048.769287 4.848881 3.320966 0.000000 0.000000
2015-01-26 14:56:42 DEBUG rend [MyPathTracerAndPhotonMapper] Values: 252.104263 939.839539 651.926208 863.601135 1623.309082 776.901672 468.829315 1077.633911 | 870.525024 588.388916 276.589508 1696.679321 23.269663 11.980114 11.477399 0.000000
2015-01-26 14:56:42 DEBUG rend [MyPathTracerAndPhotonMapper] Values: 124.858955 1246.645630 761.254395 328.917145 161.261490 206.990356 287.494843 1200.789307 | 669.732849 73.276146 67.337273 457.867584 192.061401 134.516235 32.119778 1.827758
2015-01-26 14:56:42 DEBUG rend [MyPathTracerAndPhotonMapper] Values: 6.901664 163.733246 572.862549 823.566833 298.042786 205.024261 85.642036 1177.026489 | 351.773621 58.167263 223.129517 259.817322 330.686768 230.795410 38.980637 5.984742
2015-01-26 14:56:42 DEBUG rend [MyPathTracerAndPhotonMapper] Values: 186.515823 275.284363 528.757996 8100.197754 11914.322266 477.836304 430.639374 240.741302 | 80.505806 130.444763 179.098480 324.590790 699.433044 197.742172 36.689842 2.645665
2015-01-26 14:56:42 DEBUG rend [MyPathTracerAndPhotonMapper] Values: 170.980896 362.336731 3329.107666 21699.275391 17472.263672 121.529373 202.278061 89.986786 | 213.879852 211.463089 1133.176147 1589.181763 579.090271 125.612053 9.291146 4.980485
2015-01-26 14:56:42 DEBUG rend [MyPathTracerAndPhotonMapper] Values: 179.498566 364.869720 11859.071289 38331.578125 413.738037 272.884583 137.943451 45.089291 | 106.241684 142.439240 175.601166 139.806961 687.847473 171.161041 6.940778 1.353928
2015-01-26 14:56:42 DEBUG rend [MyPathTracerAndPhotonMapper] Values: 890.641968 467.063171 734.219421 1055.104248 822.000122 523.736389 248.547760 38.508984 | 7.876912 245.704803 565.682190 163.067169 492.779541 131.822784 15.157867 4.486036
2015-01-26 14:56:42 DEBUG rend [MyPathTracerAndPhotonMapper] Values: 123.763481 213.605484 188.332123 435.060120 818.403381 130.795135 91.774834 20.909800 | 1.315019 0.007609 0.004785 228.929901 244.794495 34.144707 35.028408 12.666750
2015-01-26 14:56:42 DEBUG rend [MyPathTracerAndPhotonMapper] Values: 477.224579 467.839935 128.817551 44.687542 258.655426 107.584373 31.646198 0.137338 | 0.000000 0.000000 0.000000 84.592415 161.252106 8.557436 26.954609 2.937773
2015-01-26 14:56:42 DEBUG rend [MyPathTracerAndPhotonMapper] Values: 115.004852 104.128136 212.329636 545.823730 339.726196 38.212177 2.722154 0.000000 | 0.000000 0.000000 0.000000 0.025556 26.995630 3.712421 17.585112 300.065521
2015-01-26 14:56:42 DEBUG rend [MyPathTracerAndPhotonMapper] Values: 458.653809 214.796249 356.330383 481.703278 110.819824 38.187489 0.000000 0.000000 | 0.000000 0.000000 0.000000 0.000000 0.000000 0.000000 0.333705 40.435764
2015-01-26 14:56:42 DEBUG rend [MyPathTracerAndPhotonMapper] Values: 329.807678 295.253143 94.329979 171.723404 20.628124 0.005818 0.000000 0.000000 | 0.000000 0.000000 0.000000 0.000000 0.000000 0.000000 0.028898 0.048931
2015-01-26 14:56:42 DEBUG rend [MyPathTracerAndPhotonMapper] Values: 47.935772 122.432938 6.376440 26.162712 5.568756 0.000000 0.000000 0.000000 | 0.000000 0.000000 0.000000 0.000000 0.000000 0.000000 0.000000 0.000000
2015-01-26 14:57:01 DEBUG rend [MyPathTracerAndPhotonMapper] Envmap 10000 after progressively filling
2015-01-26 14:57:01 DEBUG rend [MyPathTracerAndPhotonMapper] Values: 0.000000 0.000000 65.400940 67.490097 49.245285 3.969453 0.000000 0.000000 | 0.000000 0.000000 0.001655 0.000297 0.000000 0.000000 0.000000 0.000000
2015-01-26 14:57:01 DEBUG rend [MyPathTracerAndPhotonMapper] Values: 0.000000 103.277985 148.789886 266.587372 365.740143 7.609673 0.000000 8.462605 | 8.980932 0.000000 0.004815 0.000863 0.012001 0.021445 0.000000 0.000000
2015-01-26 14:57:01 DEBUG rend [MyPathTracerAndPhotonMapper] Values: 67.219604 81.769073 64.105087 115.924133 173.997772 99.204132 24.539396 53.913200 | 223.193985 542.225952 1.520435 13.903131 0.081808 0.054618 0.000000 0.000000
2015-01-26 14:57:01 DEBUG rend [MyPathTracerAndPhotonMapper] Values: 127.537849 132.255112 123.430962 11.701787 47.224087 186.944382 175.363815 43.900761 | 289.839264 574.911133 0.973598 8.735529 87.533730 543.869690 1.164859 0.334317
2015-01-26 14:57:01 DEBUG rend [MyPathTracerAndPhotonMapper] Values: 44.373055 47.469559 303.456909 365.421814 133.307007 264.437897 216.430923 39.353523 | 49.853752 0.358265 77.310898 76.384941 156.715729 1010.482788 48.812698 13.603216
2015-01-26 14:57:01 DEBUG rend [MyPathTracerAndPhotonMapper] Values: 221.607712 193.886444 595.183777 601.097534 52.941883 28.129004 133.006271 87.581535 | 0.024184 0.000000 130.746704 482.278656 265.272064 30.498343 48.765591 0.000000
2015-01-26 14:57:01 DEBUG rend [MyPathTracerAndPhotonMapper] Values: 39.259861 202.468094 203.071671 100.308105 101.599724 119.945160 198.131088 49.909119 | 91.729706 12.989097 213.827103 2663.543213 0.958154 193.732346 410.872406 0.000000
2015-01-26 14:57:01 DEBUG rend [MyPathTracerAndPhotonMapper] Values: 0.000000 137.154938 187.133820 42.118946 350.989960 685.799255 779.792236 725.172302 | 728.332092 327.052429 119.578568 441.322845 32.781639 0.049403 0.000000 0.000000
2015-01-26 14:57:01 DEBUG rend [MyPathTracerAndPhotonMapper] Values: 39.582344 299.877106 123.461464 229.911896 786.737976 902.929749 542.795349 516.176941 | 890.612915 1267.657959 511.832367 127.644264 14.485496 0.038955 0.000000 0.000000
2015-01-26 14:57:01 DEBUG rend [MyPathTracerAndPhotonMapper] Values: 85.696304 248.688202 98.137672 302.921021 1201.484497 447.556458 2271.129150 4917.238281 | 1798.154053 1411.163940 897.878601 256.571014 0.000000 0.000000 0.000000 0.000000
2015-01-26 14:57:01 DEBUG rend [MyPathTracerAndPhotonMapper] Values: 14.441258 75.544014 23.739466 110.948463 708.279053 4129.064941 31593.195313 64269.738281 | 34394.015625 2349.361328 1016.925293 243.232559 0.000000 0.000000 0.000000 0.000000
2015-01-26 14:57:01 DEBUG rend [MyPathTracerAndPhotonMapper] Values: 6.041415 158.693390 40.294270 209.281647 1509.570557 6680.255859 50061.269531 79131.726563 | 37108.984375 3038.946045 900.581116 175.853683 2.398294 0.000000 0.000000 0.000000
2015-01-26 14:57:01 DEBUG rend [MyPathTracerAndPhotonMapper] Values: 2.312894 149.769943 59.328354 87.696396 657.302673 1014.804810 3705.382080 5945.321777 | 2013.962524 919.583069 336.162537 22.822594 0.608603 0.000000 0.000000 0.000000
2015-01-26 14:57:01 DEBUG rend [MyPathTracerAndPhotonMapper] Values: 18.404364 104.251144 0.000000 14.325316 150.567596 168.795456 252.994003 336.964935 | 212.312485 812.962830 110.882988 0.000000 0.000000 0.000000 0.000000 0.000000
2015-01-26 14:57:01 DEBUG rend [MyPathTracerAndPhotonMapper] Values: 0.000000 87.262283 164.783188 6.872997 83.820107 375.436859 292.684875 1.791237 | 0.385540 374.589844 51.341324 0.000000 0.000000 0.000000 0.000000 0.000000
2015-01-26 14:57:01 DEBUG rend [MyPathTracerAndPhotonMapper] Values: 0.000000 56.712852 128.741669 0.000000 14.650734 112.862831 90.456795 0.000000 | 5.681007 24.765434 0.000000 0.000000 0.000000 0.000000 0.000000 0.000000
2015-01-26 14:57:21 DEBUG rend [MyPathTracerAndPhotonMapper] Done filling envmaps with 1000 additional samples.
2015-01-26 14:57:21 DEBUG rend [MyPathTracerAndPhotonMapper] Finished. 1927245 Photons and 20000 Envmaps available.
2015-01-26 14:57:21 DEBUG rend [MyPathTracerAndPhotonMapper] Start finalizing envmaps. 20000 available.
2015-01-26 14:57:21 DEBUG rend [MyPathTracerAndPhotonMapper] Envmap 10000 before finalizing, sum: 376904.487019, min: 1000.000000,
2015-01-26 14:57:21 DEBUG rend [MyPathTracerAndPhotonMapper] Values: 9.999428 45.519699 86.139084 105.646881 92.983864 51.635071 19.861727 7.627747 | 3.909495 4.012558 1.548946 0.001440 0.002932 0.003431 0.001340 0.000000
2015-01-26 14:57:21 DEBUG rend [MyPathTracerAndPhotonMapper] Values: 26.422766 66.934723 116.192848 175.936691 171.526764 76.003036 14.894384 25.460754 | 68.460999 82.946213 34.949661 1.840490 0.888393 0.018802 0.006094 4.201225
2015-01-26 14:57:21 DEBUG rend [MyPathTracerAndPhotonMapper] Values: 57.709976 91.284416 106.879425 136.354111 151.563690 110.707939 62.627331 80.626900 | 206.873077 254.247101 106.496513 10.300872 47.247608 73.554680 34.166523 16.488159
2015-01-26 14:57:21 DEBUG rend [MyPathTracerAndPhotonMapper] Values: 71.334839 110.536873 132.959137 126.604752 127.861641 154.282028 131.374664 112.910049 | 223.682953 269.894867 122.607666 39.260109 179.360367 286.222595 138.427094 27.897152
2015-01-26 14:57:21 DEBUG rend [MyPathTracerAndPhotonMapper] Values: 82.775291 162.848846 275.986298 273.724670 176.322006 162.244400 152.287643 96.948845 | 97.809937 114.198021 112.005997 140.009216 285.724518 375.278778 182.374130 40.033062
2015-01-26 14:57:21 DEBUG rend [MyPathTracerAndPhotonMapper] Values: 106.563164 218.697876 356.214294 335.846069 174.384201 118.915451 129.138489 84.441116 | 35.064796 45.059872 301.443451 540.613708 396.633331 235.991135 149.577972 69.454445
2015-01-26 14:57:21 DEBUG rend [MyPathTracerAndPhotonMapper] Values: 83.514526 185.033966 247.295746 217.703613 188.244614 238.989334 280.281982 252.876282 | 193.077133 143.491028 497.479828 842.457825 454.290039 125.406586 134.939575 73.164864
2015-01-26 14:57:21 DEBUG rend [MyPathTracerAndPhotonMapper] Values: 58.396214 145.809586 162.044647 195.002136 374.347931 542.485901 563.245422 548.273682 | 551.824768 454.582947 471.138672 524.593079 251.857330 54.976223 63.475933 30.607162
2015-01-26 14:57:21 DEBUG rend [MyPathTracerAndPhotonMapper] Values: 82.207458 166.765625 178.428116 329.242004 624.748718 821.305786 1117.937744 1362.109619 | 1222.732544 930.993591 581.809998 250.577469 67.300941 3.875453 0.007957 10.303812
2015-01-26 14:57:21 DEBUG rend [MyPathTracerAndPhotonMapper] Values: 82.726868 144.655457 156.653290 383.429169 916.861328 3276.903320 9619.000000 14049.999023 | 9926.350586 3442.759033 873.274780 319.189880 57.064301 0.910213 0.002435 14.088512
2015-01-26 14:57:21 DEBUG rend [MyPathTracerAndPhotonMapper] Values: 49.981880 88.966904 104.024437 361.357697 1523.454224 9401.142578 28688.246094 40524.425781 | 27320.474609 8114.071289 1108.271362 354.530518 57.730400 0.149893 0.000000 7.538765
2015-01-26 14:57:21 DEBUG rend [MyPathTracerAndPhotonMapper] Values: 37.523418 79.868431 92.951347 361.424683 1743.189819 11050.912109 32364.070313 43937.753906 | 28692.330078 8279.616211 1017.068665 274.698761 39.285805 0.337824 0.000000 1.802311
2015-01-26 14:57:21 DEBUG rend [MyPathTracerAndPhotonMapper] Values: 38.789223 82.061974 79.961632 245.730865 951.696716 4903.568359 13480.503906 17612.058594 | 11234.303711 3400.947510 580.009521 133.150146 14.295617 0.225969 0.000000 1.816973
2015-01-26 14:57:21 DEBUG rend [MyPathTracerAndPhotonMapper] Values: 32.736111 72.143890 63.561100 94.550598 245.973022 562.623657 1084.811523 1261.569580 | 901.192932 555.527527 260.091309 40.970226 1.502487 0.038038 0.000000 2.445101
2015-01-26 14:57:21 DEBUG rend [MyPathTracerAndPhotonMapper] Values: 23.268581 71.730591 80.011002 52.956825 107.895027 207.921417 201.920029 114.292496 | 147.811523 225.384125 125.877441 13.347853 0.000000 0.000000 0.000000 1.150273
2015-01-26 14:57:21 DEBUG rend [MyPathTracerAndPhotonMapper] Values: 12.542999 55.565216 78.149132 49.922535 62.764305 115.389328 97.132515 30.558031 | 28.087940 56.958248 32.925434 3.208973 0.000019 0.000000 0.000000 0.000000
2015-01-26 14:57:21 DEBUG rend [MyPathTracerAndPhotonMapper] Envmap 10000 after finalizing, newsum: 1.012605, sum: 376904.487019, newersum: 1.000000
2015-01-26 14:57:21 DEBUG rend [MyPathTracerAndPhotonMapper] Values: 0.000198 0.000198 0.000226 0.000277 0.000244 0.000198 0.000198 0.000198 | 0.000198 0.000198 0.000198 0.000198 0.000198 0.000198 0.000198 0.000198
2015-01-26 14:57:21 DEBUG rend [MyPathTracerAndPhotonMapper] Values: 0.000198 0.000198 0.000304 0.000461 0.000449 0.000199 0.000198 0.000198 | 0.000198 0.000217 0.000198 0.000198 0.000198 0.000198 0.000198 0.000198
2015-01-26 14:57:21 DEBUG rend [MyPathTracerAndPhotonMapper] Values: 0.000198 0.000239 0.000280 0.000357 0.000397 0.000290 0.000198 0.000211 | 0.000542 0.000666 0.000279 0.000198 0.000198 0.000198 0.000198 0.000198
2015-01-26 14:57:21 DEBUG rend [MyPathTracerAndPhotonMapper] Values: 0.000198 0.000290 0.000348 0.000332 0.000335 0.000404 0.000344 0.000296 | 0.000586 0.000707 0.000321 0.000198 0.000470 0.000750 0.000363 0.000198
2015-01-26 14:57:21 DEBUG rend [MyPathTracerAndPhotonMapper] Values: 0.000217 0.000427 0.000723 0.000717 0.000462 0.000425 0.000399 0.000254 | 0.000256 0.000299 0.000293 0.000367 0.000749 0.000983 0.000478 0.000198
2015-01-26 14:57:21 DEBUG rend [MyPathTracerAndPhotonMapper] Values: 0.000279 0.000573 0.000933 0.000880 0.000457 0.000312 0.000338 0.000221 | 0.000198 0.000198 0.000790 0.001416 0.001039 0.000618 0.000392 0.000198
2015-01-26 14:57:21 DEBUG rend [MyPathTracerAndPhotonMapper] Values: 0.000219 0.000485 0.000648 0.000570 0.000493 0.000626 0.000734 0.000663 | 0.000506 0.000376 0.001303 0.002207 0.001190 0.000329 0.000354 0.000198
2015-01-26 14:57:21 DEBUG rend [MyPathTracerAndPhotonMapper] Values: 0.000198 0.000382 0.000425 0.000511 0.000981 0.001421 0.001476 0.001437 | 0.001446 0.001191 0.001234 0.001375 0.000660 0.000198 0.000198 0.000198
2015-01-26 14:57:21 DEBUG rend [MyPathTracerAndPhotonMapper] Values: 0.000215 0.000437 0.000468 0.000863 0.001637 0.002152 0.002929 0.003569 | 0.003204 0.002439 0.001524 0.000657 0.000198 0.000198 0.000198 0.000198
2015-01-26 14:57:21 DEBUG rend [MyPathTracerAndPhotonMapper] Values: 0.000217 0.000379 0.000410 0.001005 0.002402 0.008586 0.025203 0.036813 | 0.026009 0.009021 0.002288 0.000836 0.000198 0.000198 0.000198 0.000198
2015-01-26 14:57:21 DEBUG rend [MyPathTracerAndPhotonMapper] Values: 0.000198 0.000233 0.000273 0.000947 0.003992 0.024633 0.075168 0.106181 | 0.071584 0.021260 0.002904 0.000929 0.000198 0.000198 0.000198 0.000198
2015-01-26 14:57:21 DEBUG rend [MyPathTracerAndPhotonMapper] Values: 0.000198 0.000209 0.000244 0.000947 0.004567 0.028955 0.084799 0.115124 | 0.075179 0.021694 0.002665 0.000720 0.000198 0.000198 0.000198 0.000198
2015-01-26 14:57:21 DEBUG rend [MyPathTracerAndPhotonMapper] Values: 0.000198 0.000215 0.000210 0.000644 0.002494 0.012848 0.035321 0.046147 | 0.029436 0.008911 0.001520 0.000349 0.000198 0.000198 0.000198 0.000198
2015-01-26 14:57:21 DEBUG rend [MyPathTracerAndPhotonMapper] Values: 0.000198 0.000198 0.000198 0.000248 0.000644 0.001474 0.002842 0.003306 | 0.002361 0.001456 0.000681 0.000198 0.000198 0.000198 0.000198 0.000198
2015-01-26 14:57:21 DEBUG rend [MyPathTracerAndPhotonMapper] Values: 0.000198 0.000198 0.000210 0.000198 0.000283 0.000545 0.000529 0.000299 | 0.000387 0.000591 0.000330 0.000198 0.000198 0.000198 0.000198 0.000198
2015-01-26 14:57:21 DEBUG rend [MyPathTracerAndPhotonMapper] Values: 0.000198 0.000198 0.000205 0.000198 0.000198 0.000302 0.000255 0.000198 | 0.000198 0.000198 0.000198 0.000198 0.000198 0.000198 0.000198 0.000198
2015-01-26 14:57:21 DEBUG rend [MyPathTracerAndPhotonMapper] m_envmaps[i].getEnvmap_pdf 10000 after adapting to solid angle, newsum: 1.012605, sum: 376904.487019, newersum: 1.000000
2015-01-26 14:57:21 DEBUG rend [MyPathTracerAndPhotonMapper] Values: 0.020687 0.017494 0.015100 0.017088 0.012825 0.008681 0.008063 0.007535 | 0.007635 0.007693 0.008922 0.009898 0.010994 0.014294 0.015935 0.021233
2015-01-26 14:57:21 DEBUG rend [MyPathTracerAndPhotonMapper] Values: 0.016356 0.014268 0.018486 0.023046 0.018628 0.006491 0.006412 0.005546 | 0.005573 0.006579 0.006684 0.008072 0.009984 0.011646 0.015014 0.018542
2015-01-26 14:57:21 DEBUG rend [MyPathTracerAndPhotonMapper] Values: 0.014396 0.014545 0.014876 0.016319 0.014119 0.008840 0.005215 0.005271 | 0.013320 0.018143 0.008555 0.007179 0.008625 0.010773 0.011887 0.013971
2015-01-26 14:57:21 DEBUG rend [MyPathTracerAndPhotonMapper] Values: 0.013085 0.014082 0.015684 0.014486 0.012951 0.013380 0.010126 0.007812 | 0.016135 0.021155 0.010729 0.007635 0.021275 0.032962 0.017551 0.011366
2015-01-26 14:57:21 DEBUG rend [MyPathTracerAndPhotonMapper] Values: 0.010991 0.017145 0.026283 0.030094 0.018918 0.016654 0.015039 0.008511 | 0.008887 0.010592 0.011862 0.016607 0.029245 0.035643 0.018560 0.010097
2015-01-26 14:57:21 DEBUG rend [MyPathTracerAndPhotonMapper] Values: 0.011950 0.019168 0.029140 0.028010 0.017918 0.015167 0.016833 0.010314 | 0.009935 0.010097 0.042121 0.057656 0.032798 0.018928 0.013230 0.009218
2015-01-26 14:57:21 DEBUG rend [MyPathTracerAndPhotonMapper] Values: 0.008810 0.014886 0.017132 0.015672 0.017975 0.031459 0.052402 0.044401 | 0.038029 0.025789 0.066972 0.076935 0.036031 0.008626 0.011039 0.007585
2015-01-26 14:57:21 DEBUG rend [MyPathTracerAndPhotonMapper] Values: 0.007528 0.010916 0.011012 0.013906 0.033696 0.076403 0.108341 0.153223 | 0.145817 0.080882 0.060818 0.046669 0.019137 0.005039 0.005671 0.007628
2015-01-26 14:57:21 DEBUG rend [MyPathTracerAndPhotonMapper] Values: 0.008029 0.012186 0.011664 0.023927 0.056569 0.104504 0.221010 0.342146 | 0.313029 0.174060 0.076586 0.022942 0.005084 0.004992 0.005512 0.007383
2015-01-26 14:57:21 DEBUG rend [MyPathTracerAndPhotonMapper] Values: 0.008285 0.011516 0.011423 0.028386 0.084089 0.441700 1.755347 2.403702 | 1.734352 0.640300 0.117859 0.029050 0.005675 0.005249 0.005926 0.007944
2015-01-26 14:57:21 DEBUG rend [MyPathTracerAndPhotonMapper] Values: 0.008863 0.008216 0.008208 0.029720 0.154598 1.288345 3.532432 5.059873 | 3.591874 1.084129 0.154255 0.038858 0.006277 0.006055 0.006543 0.008853
2015-01-26 14:57:21 DEBUG rend [MyPathTracerAndPhotonMapper] Values: 0.009379 0.008262 0.009054 0.035892 0.197553 1.130021 3.082098 3.832175 | 2.500452 0.755463 0.107930 0.032015 0.007521 0.007349 0.008162 0.009684
2015-01-26 14:57:21 DEBUG rend [MyPathTracerAndPhotonMapper] Values: 0.011287 0.011146 0.009914 0.029311 0.091366 0.398388 0.993863 1.212236 | 0.792677 0.253010 0.049259 0.013309 0.008570 0.008662 0.009467 0.012305
2015-01-26 14:57:21 DEBUG rend [MyPathTracerAndPhotonMapper] Values: 0.014930 0.012156 0.010659 0.010936 0.024135 0.046345 0.076190 0.079598 | 0.060054 0.039856 0.020971 0.007613 0.008757 0.010645 0.011224 0.014268
2015-01-26 14:57:21 DEBUG rend [MyPathTracerAndPhotonMapper] Values: 0.017963 0.013457 0.013263 0.009557 0.010918 0.017944 0.016135 0.008374 | 0.011344 0.019342 0.011255 0.008120 0.010174 0.012065 0.014685 0.017532
2015-01-26 14:57:21 DEBUG rend [MyPathTracerAndPhotonMapper] Values: 0.019438 0.016835 0.014140 0.012286 0.010148 0.013733 0.009829 0.007276 | 0.007693 0.008055 0.008824 0.009984 0.011039 0.013827 0.017049 0.019724
2015-01-26 14:57:21 DEBUG rend [MyPathTracerAndPhotonMapper] Finalized envmaps. Erased 0, 20000 left. Build kD-Tree.
2015-01-26 14:57:21 DEBUG rend [MyPathTracerAndPhotonMapper] Done building kd-Tree for 20000 envmaps
2015-01-26 14:57:21 DEBUG rend [MyPathTracerAndPhotonMapper] preprocessing done. try to write an envmap.
2015-01-26 14:57:21 INFO  rend [SamplingIntegrator] Starting render job (768x576, 128 samples, 4 cores, SSE2 enabled) ..
2015-01-26 15:00:14 WARN  rend [RenderJob] Rendering of scene "bidir.xml" did not complete successfully!
2015-01-26 15:00:14 INFO  rend [RenderJob] Render time: 3.7012m
2015-01-26 15:00:14 DEBUG rend [HDRFilm] Developing film ..
2015-01-26 15:00:14 INFO  rend [HDRFilm] Writing image to "E:\Kekse\projekte\Bachelorarbeit\Szenen\veach_bidir\bidir.exr" ..
2015-01-26 15:00:14 DEBUG rend [Bitmap] Writing a 768x576 OpenEXR file
2015-01-26 15:00:14 DEBUG rend [Thread] Thread "rend" has finished
2015-01-26 15:00:24 DEBUG main [MyPathTracerAndPhotonMapper] traced_photon_paths = 300000, number_of_envmaps = 25000, fix_w_I = -0.010000, fix_w_E = -0.010000, useFixwE 0, sample_BSDF = 0, samples_for_envmaps 2000
2015-01-26 15:00:26 DEBUG main [Thread] Spawning thread "rend"
2015-01-26 15:00:27 DEBUG rend [MyPathTracerAndPhotonMapper] Solid angles: 0.009351 0.011855 0.013818 0.016739 0.019046 0.021893 0.025329 0.026041 0.026360 0.025452 0.022580 0.019610 0.016567 0.013941 0.012395 0.008885
2015-01-26 15:00:27 DEBUG rend [MyPathTracerAndPhotonMapper] Solid angles: 0.011069 0.013524 0.016493 0.021132 0.024446 0.028274 0.032079 0.035809 0.035441 0.033551 0.028741 0.023856 0.019954 0.017426 0.013794 0.012885
2015-01-26 15:00:27 DEBUG rend [MyPathTracerAndPhotonMapper] Solid angles: 0.014260 0.016469 0.018187 0.022212 0.027661 0.032938 0.035981 0.039049 0.040767 0.038509 0.032226 0.026777 0.021574 0.019463 0.017451 0.014849
2015-01-26 15:00:27 DEBUG rend [MyPathTracerAndPhotonMapper] Solid angles: 0.016763 0.020445 0.023047 0.023685 0.025403 0.030091 0.034631 0.037135 0.036570 0.034852 0.031490 0.026458 0.022507 0.022850 0.020813 0.017205
2015-01-26 15:00:27 DEBUG rend [MyPathTracerAndPhotonMapper] Solid angles: 0.019193 0.024789 0.027391 0.025133 0.021181 0.025133 0.029084 0.028053 0.028520 0.028373 0.026090 0.023292 0.025403 0.028103 0.024323 0.020101
2015-01-26 15:00:27 DEBUG rend [MyPathTracerAndPhotonMapper] Solid angles: 0.022163 0.028839 0.033502 0.029821 0.025378 0.018727 0.019659 0.019070 0.022187 0.019414 0.018948 0.025476 0.030311 0.030827 0.029428 0.022408
2015-01-26 15:00:27 DEBUG rend [MyPathTracerAndPhotonMapper] Solid angles: 0.024126 0.032152 0.036472 0.035073 0.027219 0.020568 0.014923 0.014751 0.014235 0.013769 0.021034 0.026360 0.035809 0.039810 0.033674 0.024666
2015-01-26 15:00:27 DEBUG rend [MyPathTracerAndPhotonMapper] Solid angles: 0.027293 0.035613 0.040374 0.037552 0.030115 0.020003 0.013720 0.009867 0.010578 0.014554 0.021598 0.028152 0.037061 0.039221 0.035785 0.025476
2015-01-26 15:00:27 DEBUG rend [MyPathTracerAndPhotonMapper] Solid angles: 0.027268 0.035073 0.039417 0.036202 0.028962 0.020052 0.014579 0.009523 0.010308 0.013990 0.019610 0.026311 0.037773 0.041356 0.035147 0.025967
2015-01-26 15:00:27 DEBUG rend [MyPathTracerAndPhotonMapper] Solid angles: 0.025501 0.033944 0.036914 0.034042 0.028397 0.018800 0.015266 0.013131 0.013278 0.013474 0.020494 0.028888 0.035269 0.036938 0.033944 0.025624
2015-01-26 15:00:27 DEBUG rend [MyPathTracerAndPhotonMapper] Solid angles: 0.021770 0.028495 0.032938 0.031318 0.024666 0.020126 0.020028 0.020838 0.020887 0.019610 0.019733 0.025378 0.032741 0.031661 0.028004 0.022457
2015-01-26 15:00:27 DEBUG rend [MyPathTracerAndPhotonMapper] Solid angles: 0.018825 0.025182 0.028888 0.027219 0.022507 0.025403 0.028348 0.029551 0.029060 0.030115 0.025157 0.022507 0.026875 0.026704 0.024249 0.020322
2015-01-26 15:00:27 DEBUG rend [MyPathTracerAndPhotonMapper] Solid angles: 0.016002 0.020519 0.023218 0.022531 0.025673 0.029011 0.033698 0.036104 0.038509 0.034582 0.031760 0.027489 0.021525 0.022433 0.020298 0.017401
2015-01-26 15:00:27 DEBUG rend [MyPathTracerAndPhotonMapper] Solid angles: 0.014824 0.017598 0.019070 0.023439 0.027023 0.031195 0.038509 0.038607 0.039000 0.037208 0.032079 0.029845 0.022826 0.018457 0.016297 0.013867
2015-01-26 15:00:27 DEBUG rend [MyPathTracerAndPhotonMapper] Solid angles: 0.011658 0.013450 0.016812 0.020887 0.025010 0.027587 0.031956 0.034754 0.034877 0.031980 0.029502 0.024053 0.020298 0.015021 0.013303 0.012174
2015-01-26 15:00:27 DEBUG rend [MyPathTracerAndPhotonMapper] Solid angles: 0.010063 0.010848 0.013695 0.016174 0.019831 0.020838 0.025722 0.027243 0.026409 0.025108 0.022777 0.018702 0.017352 0.013769 0.011315 0.009842
2015-01-26 15:00:36 DEBUG rend [MyPathTracerAndPhotonMapper] Start placing envmaps. 1925998 Photons in scene.
2015-01-26 15:00:36 DEBUG rend [MyPathTracerAndPhotonMapper] Border size: 2, cropSize: 768 576
2015-01-26 15:00:36 DEBUG rend [MyPathTracerAndPhotonMapper] Added 6911 caches for camera rays
2015-01-26 15:00:36 DEBUG rend [MyPathTracerAndPhotonMapper] Done placing 25000 of 25000 envmapcaches.
2015-01-26 15:00:36 DEBUG rend [MyPathTracerAndPhotonMapper] Start filling envmaps
2015-01-26 15:00:36 DEBUG rend [MyPathTracerAndPhotonMapper] Envmap 0 after progressively filling
2015-01-26 15:00:36 DEBUG rend [MyPathTracerAndPhotonMapper] Values: 129.909973 178.116776 196.688751 167.236267 117.978706 194.411957 40.973217 57.396214 | 6.223218 0.360885 93.430229 2.669251 0.000000 3.038112 0.745477 0.326208
2015-01-26 15:00:36 DEBUG rend [MyPathTracerAndPhotonMapper] Values: 298.345947 626.708984 1225.956177 1990.152100 1562.922241 908.835693 179.245789 302.335999 | 155.237564 42.035725 243.635193 13.692706 8.770531 57.208885 29.622690 0.000000
2015-01-26 15:00:36 DEBUG rend [MyPathTracerAndPhotonMapper] Values: 288.308197 1443.233032 1486.896362 2533.515381 1604.613403 548.522400 977.573730 344.751526 | 553.297546 388.766602 95.715256 21.792471 29.915174 541.599426 1561.978027 0.000000
2015-01-26 15:00:36 DEBUG rend [MyPathTracerAndPhotonMapper] Values: 373.125977 1418.243530 1738.886963 935.606018 832.873352 1298.910400 1547.503418 2295.333984 | 1334.371338 744.688354 205.832520 111.201485 147.676804 249.889023 459.611145 0.009238
2015-01-26 15:00:36 DEBUG rend [MyPathTracerAndPhotonMapper] Values: 1202.746704 4616.094727 2554.828125 729.569885 373.340576 1573.487183 1755.482178 2432.054199 | 1254.785156 699.010132 72.564224 160.973526 157.988647 90.300896 4.709166 55.383141
2015-01-26 15:00:36 DEBUG rend [MyPathTracerAndPhotonMapper] Values: 830.333435 3716.928711 2961.279541 967.408691 364.443573 407.511047 479.233521 122.785416 | 179.983154 717.841431 360.658966 100.533981 71.880180 203.899017 218.318359 24.039009
2015-01-26 15:00:36 DEBUG rend [MyPathTracerAndPhotonMapper] Values: 56.782490 822.294922 1564.028320 14458.113281 21278.302734 1217.407837 1523.394165 562.317383 | 415.028198 194.090164 28.260857 86.152222 506.203827 810.802002 369.479828 1.042829
2015-01-26 15:00:36 DEBUG rend [MyPathTracerAndPhotonMapper] Values: 242.435211 287.186462 8478.584961 42128.691406 29774.222656 1441.096436 308.318939 182.913528 | 218.796600 140.641907 101.457275 54.024281 1294.115845 2209.350342 105.271294 3.764104
2015-01-26 15:00:36 DEBUG rend [MyPathTracerAndPhotonMapper] Values: 209.445908 591.236877 21566.408203 83862.820313 1819.671387 639.784790 109.883835 98.869049 | 106.548080 425.213226 129.697128 89.285973 585.968140 1343.723022 181.960358 55.873379
2015-01-26 15:00:36 DEBUG rend [MyPathTracerAndPhotonMapper] Values: 184.340088 803.272217 1758.709839 3212.680908 427.443390 205.221451 177.160461 104.296410 | 89.691750 185.063828 75.502037 489.258850 487.988403 319.624756 523.928223 40.064743
2015-01-26 15:00:36 DEBUG rend [MyPathTracerAndPhotonMapper] Values: 477.002411 686.441101 679.010559 2013.182373 758.334778 173.522995 161.927551 49.420692 | 27.070574 4.896306 9.678315 95.588211 176.113144 456.604065 338.937042 1.121419
2015-01-26 15:00:36 DEBUG rend [MyPathTracerAndPhotonMapper] Values: 958.698608 933.615417 1172.313721 1785.832642 468.225281 104.538666 70.976639 30.105991 | 0.002345 0.000000 0.000000 15.680432 44.644096 299.884338 197.805206 46.996590
2015-01-26 15:00:36 DEBUG rend [MyPathTracerAndPhotonMapper] Values: 407.290771 578.934509 424.419769 666.397461 340.029449 72.950974 2.592126 0.000000 | 0.000000 0.000000 0.000000 1.461642 3.679363 7.523456 9.881799 6.113355
2015-01-26 15:00:36 DEBUG rend [MyPathTracerAndPhotonMapper] Values: 1116.925781 781.399475 747.168274 138.690521 147.412003 13.279967 0.000000 0.000000 | 0.000000 0.000000 0.000000 0.000000 0.000000 1.398602 12.619341 41.353329
2015-01-26 15:00:36 DEBUG rend [MyPathTracerAndPhotonMapper] Values: 734.052917 202.607010 686.860291 120.881897 18.818119 0.070808 0.000000 0.000000 | 0.000000 0.000000 0.000000 0.000000 0.000000 0.013133 0.024038 0.521672
2015-01-26 15:00:36 DEBUG rend [MyPathTracerAndPhotonMapper] Values: 251.948471 27.805420 22.656263 23.729591 0.167415 0.000000 0.000000 0.000000 | 0.000000 0.000000 0.000000 0.000000 0.000000 0.000000 0.000000 0.000000
2015-01-26 15:01:40 DEBUG rend [MyPathTracerAndPhotonMapper] Envmap 10000 after progressively filling
2015-01-26 15:01:40 DEBUG rend [MyPathTracerAndPhotonMapper] Values: 15.520133 343.402588 421.639130 616.819824 796.738892 772.817505 774.427429 1662.413330 | 1099.553711 599.093689 963.851074 253.560043 159.464005 83.233002 182.160385 23.996422
2015-01-26 15:01:40 DEBUG rend [MyPathTracerAndPhotonMapper] Values: 78.942841 182.265091 113.791840 629.279419 3909.518799 31331.152344 20864.941406 2785.983643 | 1749.612305 2876.849121 49033.285156 8872.136719 250.742310 292.420807 61.310692 14.941566
2015-01-26 15:01:40 DEBUG rend [MyPathTracerAndPhotonMapper] Values: 36.352005 259.313385 172.052094 371.955048 3914.537842 24775.138672 15386.488281 2656.742920 | 1110.456543 9502.754883 15363.033203 2313.986084 375.103394 903.969604 124.715553 51.013313
2015-01-26 15:01:40 DEBUG rend [MyPathTracerAndPhotonMapper] Values: 154.319290 311.738342 131.039139 186.481354 312.188141 246.732513 634.689331 587.189575 | 731.459473 8365.667969 4586.380371 134.888397 78.839638 47.797737 64.242340 7.798193
2015-01-26 15:01:40 DEBUG rend [MyPathTracerAndPhotonMapper] Values: 197.620483 392.718048 644.071777 414.688385 162.224762 177.772049 403.747589 507.725433 | 898.534302 2273.801025 426.860565 123.022530 316.832245 919.319153 346.867004 10.413095
2015-01-26 15:01:40 DEBUG rend [MyPathTracerAndPhotonMapper] Values: 6.463356 38.926426 181.370743 419.566101 547.203735 584.629944 158.887283 477.467285 | 388.525635 639.860901 271.350281 238.470291 320.575653 303.190735 102.460922 2.143770
2015-01-26 15:01:40 DEBUG rend [MyPathTracerAndPhotonMapper] Values: 259.509674 195.233200 266.989319 723.198669 896.313477 1908.828247 1745.103394 383.475525 | 215.291885 517.918091 1388.749756 519.669312 651.926941 28.854683 0.000000 0.000000
2015-01-26 15:01:40 DEBUG rend [MyPathTracerAndPhotonMapper] Values: 493.256256 568.501831 324.928406 557.263489 935.913574 1578.526489 407.706787 394.911133 | 463.610779 198.823807 835.873291 191.003830 27.645247 0.000000 0.000000 0.000000
2015-01-26 15:01:40 DEBUG rend [MyPathTracerAndPhotonMapper] Values: 120.461235 286.195160 412.612274 439.725952 429.663849 1020.479309 307.653198 244.193054 | 196.637833 589.213196 152.331390 96.416901 0.000087 0.000000 0.000000 0.000000
2015-01-26 15:01:40 DEBUG rend [MyPathTracerAndPhotonMapper] Values: 42.076092 157.015320 292.602051 416.846466 230.581284 578.626282 347.175629 213.374695 | 183.900772 553.834351 331.210236 25.929281 0.000000 0.000000 0.000000 0.000000
2015-01-26 15:01:40 DEBUG rend [MyPathTracerAndPhotonMapper] Values: 25.101130 207.131897 540.647888 638.491516 626.280518 350.667877 392.445251 298.747131 | 254.819214 721.219788 191.126694 1.510861 0.000000 0.000000 0.000000 0.000000
2015-01-26 15:01:40 DEBUG rend [MyPathTracerAndPhotonMapper] Values: 3.644625 124.411964 215.041580 803.712524 1121.537720 329.076447 260.033875 369.090851 | 362.040161 267.224213 327.781403 8.097507 0.014724 0.000000 0.000000 0.000000
2015-01-26 15:01:40 DEBUG rend [MyPathTracerAndPhotonMapper] Values: 2.201726 664.018616 1136.050903 206.329285 491.891357 651.215332 708.751282 1101.743042 | 473.192841 632.476685 155.393616 20.328890 5.943459 0.000000 0.000000 0.000000
2015-01-26 15:01:40 DEBUG rend [MyPathTracerAndPhotonMapper] Values: 0.705372 67.462929 336.929230 591.124573 134.998322 585.275269 431.044373 229.205643 | 380.055206 1489.473267 376.498993 272.272766 178.609253 0.000000 0.000000 0.000000
2015-01-26 15:01:40 DEBUG rend [MyPathTracerAndPhotonMapper] Values: 0.000000 36.758350 314.711975 424.315765 115.872124 81.097511 65.662605 93.069176 | 474.603943 678.605835 187.567841 85.550758 185.138672 0.977903 0.000000 0.000000
2015-01-26 15:01:40 DEBUG rend [MyPathTracerAndPhotonMapper] Values: 3.125082 98.138161 438.549408 22.992117 81.496460 102.005112 2.255749 26.332384 | 2.099920 100.335594 49.535419 0.112868 0.816789 1.524636 0.000000 0.000000
2015-01-26 15:02:45 DEBUG rend [MyPathTracerAndPhotonMapper] Envmap 20000 after progressively filling
2015-01-26 15:02:45 DEBUG rend [MyPathTracerAndPhotonMapper] Values: 0.000000 0.000000 122.067070 616.874939 6360.695801 7358.437500 5210.940918 1129.806763 | 5628.735840 4006.217773 2212.898926 395.389648 2554.537842 1926.555786 2.819371 1028.145752
2015-01-26 15:02:45 DEBUG rend [MyPathTracerAndPhotonMapper] Values: 0.000000 0.000000 99.051636 1587.473633 2823.975098 3254.373535 6512.332031 6159.699219 | 14662.228516 12721.568359 11002.631836 6230.167480 8387.536133 6412.771484 2122.710938 1720.223877
2015-01-26 15:02:45 DEBUG rend [MyPathTracerAndPhotonMapper] Values: 0.000000 0.000000 326.125763 1585.223145 3165.489258 7772.373535 14152.548828 17349.798828 | 20917.468750 16385.796875 29769.798828 17518.400391 4887.719238 3589.173340 1659.349976 183.455460
2015-01-26 15:02:45 DEBUG rend [MyPathTracerAndPhotonMapper] Values: 0.730939 1.499577 2018.566040 4166.284668 6621.959473 12327.234375 15304.621094 25576.681641 | 28354.175781 23737.830078 24626.427734 18304.562500 4818.524902 6005.497559 3199.010010 284.067291
2015-01-26 15:02:45 DEBUG rend [MyPathTracerAndPhotonMapper] Values: 0.532245 1.091941 30.925442 1144.582520 7797.895020 11981.644531 17153.212891 23861.960938 | 18850.822266 16871.072266 19833.662109 10412.488281 1512.469604 1349.139282 1317.029785 1216.697510
2015-01-26 15:02:45 DEBUG rend [MyPathTracerAndPhotonMapper] Values: 0.000000 0.000000 821.866455 2462.367188 6242.943359 14145.361328 18080.937500 19867.314453 | 24860.835938 15429.505859 14867.631836 49294.492188 56156.050781 4453.897461 826.921875 910.983887
2015-01-26 15:02:45 DEBUG rend [MyPathTracerAndPhotonMapper] Values: 535.336853 160.686127 3838.191895 8847.087891 16177.176758 7648.688477 6853.717285 13604.902344 | 8655.673828 9091.333008 37893.351563 251548.656250 227875.734375 21702.654297 0.000000 0.000000
2015-01-26 15:02:45 DEBUG rend [MyPathTracerAndPhotonMapper] Values: 356.880341 1653.025757 6441.575195 7068.710938 13283.818359 13276.542969 8050.361816 17193.054688 | 13696.820313 11262.776367 117293.257813 467328.468750 291662.843750 13833.474609 0.000000 0.000000
2015-01-26 15:02:45 DEBUG rend [MyPathTracerAndPhotonMapper] Values: 979.985779 5080.339355 7128.471680 11367.306641 12551.185547 18766.460938 15740.084961 9496.428711 | 10603.499023 10215.589844 180125.609375 405576.812500 142408.671875 1473.334595 0.000000 0.000000
2015-01-26 15:02:45 DEBUG rend [MyPathTracerAndPhotonMapper] Values: 1922.415161 6176.175293 6987.651855 9865.052734 17667.591797 24954.613281 18718.224609 14856.464844 | 7011.728027 47244.777344 238351.453125 273847.375000 73824.914063 0.000000 0.000000 0.000000
2015-01-26 15:02:45 DEBUG rend [MyPathTracerAndPhotonMapper] Values: 1705.369141 5066.744629 7033.032715 12896.106445 22137.085938 21318.652344 23771.197266 15602.060547 | 10547.505859 145457.390625 285804.562500 195856.453125 26449.308594 0.000000 0.000000 0.000000
2015-01-26 15:02:45 DEBUG rend [MyPathTracerAndPhotonMapper] Values: 1680.937744 3355.736572 6056.208984 15652.044922 13845.979492 20760.826172 28409.093750 17105.496094 | 16201.279297 151942.015625 190368.500000 86859.375000 2923.669678 0.000000 0.000000 0.000000
2015-01-26 15:02:45 DEBUG rend [MyPathTracerAndPhotonMapper] Values: 1041.933472 2250.442871 15405.903320 12400.203125 12209.951172 17113.474609 27938.593750 10582.860352 | 3394.335205 21333.619141 26229.650391 4634.156738 0.000000 0.000000 0.000000 0.000000
2015-01-26 15:02:45 DEBUG rend [MyPathTracerAndPhotonMapper] Values: 2918.076416 4657.958008 10686.449219 7432.280273 11732.441406 11368.414063 16709.455078 7111.386230 | 5094.410645 263.275146 2.426295 0.000000 0.000000 0.000000 0.000000 0.000000
2015-01-26 15:02:45 DEBUG rend [MyPathTracerAndPhotonMapper] Values: 659.539612 1231.316406 4891.304688 3177.142090 5891.560547 5697.213379 6903.402832 5378.951172 | 3204.650146 719.564697 7.160740 0.000000 0.000000 0.000000 0.000000 569.251343
2015-01-26 15:02:45 DEBUG rend [MyPathTracerAndPhotonMapper] Values: 0.000000 0.025067 14.506892 113.033180 1248.388428 344.141693 2041.776489 4721.371582 | 1494.251099 3163.195068 324.293427 0.000000 318.453125 16.546873 0.000000 100.748619
2015-01-26 15:03:18 DEBUG rend [MyPathTracerAndPhotonMapper] Done filling envmaps with 2000 additional samples.
2015-01-26 15:03:18 DEBUG rend [MyPathTracerAndPhotonMapper] Finished. 1925998 Photons and 25000 Envmaps available.
2015-01-26 15:03:18 DEBUG rend [MyPathTracerAndPhotonMapper] Start finalizing envmaps. 25000 available.
2015-01-26 15:03:18 DEBUG rend [MyPathTracerAndPhotonMapper] Envmap 10000 before finalizing, sum: 286396.364845, min: 1000.000000,
2015-01-26 15:03:18 DEBUG rend [MyPathTracerAndPhotonMapper] Values: 78.522453 215.196533 352.772430 671.995911 2877.105469 5872.383301 5246.752930 2415.072266 | 1138.384644 3957.005371 7223.486328 4396.234863 686.297241 119.808846 85.913048 41.538029
2015-01-26 15:03:18 DEBUG rend [MyPathTracerAndPhotonMapper] Values: 93.228416 185.345306 303.570618 1115.390991 7219.889160 15427.601563 13367.685547 5211.392578 | 2322.821289 9488.360352 16559.642578 9753.322266 1497.247925 288.102325 158.495728 53.065056
2015-01-26 15:03:18 DEBUG rend [MyPathTracerAndPhotonMapper] Values: 109.333054 182.510117 234.385742 984.941223 6674.337891 14161.231445 12147.501953 4646.744629 | 3021.166260 9346.485352 13285.905273 7043.469727 1121.420776 359.443024 188.930786 58.155182
2015-01-26 15:03:18 DEBUG rend [MyPathTracerAndPhotonMapper] Values: 152.359573 260.739349 286.969910 506.159546 2250.516113 4540.844238 3994.028320 1825.576294 | 2486.909912 5340.645996 5071.249512 1951.615112 395.306213 330.465668 199.752609 81.045250
2015-01-26 15:03:18 DEBUG rend [MyPathTracerAndPhotonMapper] Values: 142.432266 276.798676 360.789490 353.452667 311.875854 322.420410 404.322357 542.396362 | 1341.709106 2233.422852 1599.714966 498.958710 304.699371 392.048157 246.329346 92.374840
2015-01-26 15:03:18 DEBUG rend [MyPathTracerAndPhotonMapper] Values: 101.288651 192.216721 324.401794 461.299164 596.173218 695.705750 627.202942 503.110870 | 606.208191 774.504333 619.230957 387.967865 368.375549 329.425629 167.052109 65.702934
2015-01-26 15:03:18 DEBUG rend [MyPathTracerAndPhotonMapper] Values: 189.844772 253.425400 343.854797 572.654724 934.720520 1205.885620 983.359009 538.636230 | 379.955658 557.280334 694.548767 529.651428 320.866425 154.770996 35.497860 70.342964
2015-01-26 15:03:18 DEBUG rend [MyPathTracerAndPhotonMapper] Values: 271.962433 370.800354 409.675049 567.635376 922.463806 1139.918457 827.512024 440.143982 | 350.035767 472.596069 558.033020 369.764526 152.586472 47.807930 1.803418 85.405212
2015-01-26 15:03:18 DEBUG rend [MyPathTracerAndPhotonMapper] Values: 178.151062 300.926544 377.311218 448.481293 631.457397 737.014648 502.197540 287.769989 | 319.333191 398.418945 330.271515 144.932846 29.066109 1.727839 0.000000 48.515926
2015-01-26 15:03:18 DEBUG rend [MyPathTracerAndPhotonMapper] Values: 79.174179 211.430878 362.262329 429.962036 467.157776 498.022278 392.936798 259.567993 | 314.144287 416.333771 286.227844 81.590706 9.361656 0.000005 0.000000 14.357159
2015-01-26 15:03:18 DEBUG rend [MyPathTracerAndPhotonMapper] Values: 55.471066 192.265289 398.194489 574.293945 582.246277 450.928528 348.324890 300.474945 | 347.163544 413.988770 273.939789 69.709801 2.317372 0.000920 0.000000 5.995186
2015-01-26 15:03:18 DEBUG rend [MyPathTracerAndPhotonMapper] Values: 74.322418 273.832672 486.611511 648.282532 677.173462 518.911499 440.077301 459.418793 | 433.187592 389.404083 245.646591 67.757843 3.123786 0.373307 0.000000 2.162007
2015-01-26 15:03:18 DEBUG rend [MyPathTracerAndPhotonMapper] Values: 96.088692 367.040649 560.972046 542.461426 531.557190 548.904053 577.232910 587.539185 | 575.024719 546.678101 335.800903 115.477165 43.878117 11.906931 0.000000 0.547091
2015-01-26 15:03:18 DEBUG rend [MyPathTracerAndPhotonMapper] Values: 52.682983 237.477448 431.114990 414.260620 341.954865 394.999390 426.818298 415.678589 | 584.941711 711.495178 445.773315 184.069397 109.250275 34.391029 0.061119 0.225779
2015-01-26 15:03:18 DEBUG rend [MyPathTracerAndPhotonMapper] Values: 15.423668 117.935539 281.979462 298.664886 200.543854 169.488449 151.275131 173.708817 | 378.213928 501.660919 312.053009 139.865479 96.648407 34.791519 0.217528 0.239403
2015-01-26 15:03:18 DEBUG rend [MyPathTracerAndPhotonMapper] Values: 40.248394 174.255920 305.653595 303.955841 268.515808 252.253494 284.704712 377.453339 | 402.702057 361.599304 269.917938 142.212448 69.941833 43.932312 29.723587 15.745220
2015-01-26 15:03:18 DEBUG rend [MyPathTracerAndPhotonMapper] Envmap 10000 after finalizing, newsum: 1.005239, sum: 286396.364845, newersum: 1.000000
2015-01-26 15:03:18 DEBUG rend [MyPathTracerAndPhotonMapper] Values: 0.000273 0.000747 0.001225 0.002334 0.009994 0.020398 0.018224 0.008389 | 0.003954 0.013745 0.025091 0.015270 0.002384 0.000416 0.000298 0.000199
2015-01-26 15:03:18 DEBUG rend [MyPathTracerAndPhotonMapper] Values: 0.000324 0.000644 0.001054 0.003874 0.025078 0.053587 0.046432 0.018102 | 0.008068 0.032958 0.057519 0.033878 0.005201 0.001001 0.000551 0.000199
2015-01-26 15:03:18 DEBUG rend [MyPathTracerAndPhotonMapper] Values: 0.000380 0.000634 0.000814 0.003421 0.023183 0.049189 0.042194 0.016140 | 0.010494 0.032465 0.046148 0.024465 0.003895 0.001249 0.000656 0.000202
2015-01-26 15:03:18 DEBUG rend [MyPathTracerAndPhotonMapper] Values: 0.000529 0.000906 0.000997 0.001758 0.007817 0.015772 0.013873 0.006341 | 0.008638 0.018551 0.017615 0.006779 0.001373 0.001148 0.000694 0.000282
2015-01-26 15:03:18 DEBUG rend [MyPathTracerAndPhotonMapper] Values: 0.000495 0.000961 0.001253 0.001228 0.001083 0.001120 0.001404 0.001884 | 0.004660 0.007758 0.005557 0.001733 0.001058 0.001362 0.000856 0.000321
2015-01-26 15:03:18 DEBUG rend [MyPathTracerAndPhotonMapper] Values: 0.000352 0.000668 0.001127 0.001602 0.002071 0.002417 0.002179 0.001748 | 0.002106 0.002690 0.002151 0.001348 0.001280 0.001144 0.000580 0.000228
2015-01-26 15:03:18 DEBUG rend [MyPathTracerAndPhotonMapper] Values: 0.000659 0.000880 0.001194 0.001989 0.003247 0.004189 0.003416 0.001871 | 0.001320 0.001936 0.002412 0.001840 0.001115 0.000538 0.000199 0.000244
2015-01-26 15:03:18 DEBUG rend [MyPathTracerAndPhotonMapper] Values: 0.000945 0.001288 0.001423 0.001972 0.003204 0.003959 0.002874 0.001529 | 0.001216 0.001642 0.001938 0.001284 0.000530 0.000199 0.000199 0.000297
2015-01-26 15:03:18 DEBUG rend [MyPathTracerAndPhotonMapper] Values: 0.000619 0.001045 0.001311 0.001558 0.002193 0.002560 0.001744 0.001000 | 0.001109 0.001384 0.001147 0.000503 0.000199 0.000199 0.000199 0.000199
2015-01-26 15:03:18 DEBUG rend [MyPathTracerAndPhotonMapper] Values: 0.000275 0.000734 0.001258 0.001493 0.001623 0.001730 0.001365 0.000902 | 0.001091 0.001446 0.000994 0.000283 0.000199 0.000199 0.000199 0.000199
2015-01-26 15:03:18 DEBUG rend [MyPathTracerAndPhotonMapper] Values: 0.000199 0.000668 0.001383 0.001995 0.002022 0.001566 0.001210 0.001044 | 0.001206 0.001438 0.000952 0.000242 0.000199 0.000199 0.000199 0.000199
2015-01-26 15:03:18 DEBUG rend [MyPathTracerAndPhotonMapper] Values: 0.000258 0.000951 0.001690 0.002252 0.002352 0.001802 0.001529 0.001596 | 0.001505 0.001353 0.000853 0.000235 0.000199 0.000199 0.000199 0.000199
2015-01-26 15:03:18 DEBUG rend [MyPathTracerAndPhotonMapper] Values: 0.000334 0.001275 0.001949 0.001884 0.001846 0.001907 0.002005 0.002041 | 0.001997 0.001899 0.001166 0.000401 0.000199 0.000199 0.000199 0.000199
2015-01-26 15:03:18 DEBUG rend [MyPathTracerAndPhotonMapper] Values: 0.000199 0.000825 0.001497 0.001439 0.001188 0.001372 0.001483 0.001444 | 0.002032 0.002471 0.001548 0.000639 0.000379 0.000199 0.000199 0.000199
2015-01-26 15:03:18 DEBUG rend [MyPathTracerAndPhotonMapper] Values: 0.000199 0.000410 0.000979 0.001037 0.000697 0.000589 0.000525 0.000603 | 0.001314 0.001743 0.001084 0.000486 0.000336 0.000199 0.000199 0.000199
2015-01-26 15:03:18 DEBUG rend [MyPathTracerAndPhotonMapper] Values: 0.000199 0.000605 0.001062 0.001056 0.000933 0.000876 0.000989 0.001311 | 0.001399 0.001256 0.000938 0.000494 0.000243 0.000199 0.000199 0.000199
2015-01-26 15:03:18 DEBUG rend [MyPathTracerAndPhotonMapper] m_envmaps[i].getEnvmap_pdf 10000 after adapting to solid angle, newsum: 1.005239, sum: 286396.364845, newersum: 1.000000
2015-01-26 15:03:18 DEBUG rend [MyPathTracerAndPhotonMapper] Values: 0.029167 0.063054 0.088677 0.139446 0.524708 0.931693 0.719506 0.322135 | 0.150006 0.540022 1.111175 0.778677 0.143890 0.029851 0.024076 0.022393
2015-01-26 15:03:18 DEBUG rend [MyPathTracerAndPhotonMapper] Values: 0.029255 0.047605 0.063931 0.183336 1.025875 1.895262 1.447451 0.505501 | 0.227652 0.982304 2.001324 1.420069 0.260631 0.057426 0.039912 0.015441
2015-01-26 15:03:18 DEBUG rend [MyPathTracerAndPhotonMapper] Values: 0.026632 0.038494 0.044765 0.154023 0.838123 1.493385 1.172671 0.413335 | 0.257412 0.843041 1.432022 0.913661 0.180552 0.064148 0.037606 0.013604
2015-01-26 15:03:18 DEBUG rend [MyPathTracerAndPhotonMapper] Values: 0.031570 0.044298 0.043251 0.074231 0.307727 0.524167 0.400597 0.170759 | 0.236209 0.532266 0.559386 0.256212 0.061008 0.050234 0.033336 0.016362
2015-01-26 15:03:18 DEBUG rend [MyPathTracerAndPhotonMapper] Values: 0.025777 0.038785 0.045752 0.048849 0.051144 0.044560 0.048287 0.067157 | 0.163409 0.273424 0.212977 0.074408 0.041663 0.048457 0.035178 0.015962
2015-01-26 15:03:18 DEBUG rend [MyPathTracerAndPhotonMapper] Values: 0.015874 0.023151 0.033634 0.053732 0.081597 0.129040 0.110815 0.091636 | 0.094902 0.138570 0.113516 0.052896 0.042213 0.037119 0.019718 0.010184
2015-01-26 15:03:18 DEBUG rend [MyPathTracerAndPhotonMapper] Values: 0.027332 0.027378 0.032748 0.056713 0.119282 0.203650 0.228893 0.126837 | 0.092710 0.140583 0.114695 0.069793 0.031124 0.013504 0.005908 0.009906
2015-01-26 15:03:18 DEBUG rend [MyPathTracerAndPhotonMapper] Values: 0.034612 0.036166 0.035245 0.052505 0.106397 0.197943 0.209501 0.154950 | 0.114937 0.112787 0.089743 0.045623 0.014301 0.005073 0.005560 0.011644
2015-01-26 15:03:18 DEBUG rend [MyPathTracerAndPhotonMapper] Values: 0.022693 0.029802 0.033249 0.043030 0.075733 0.127667 0.119650 0.104963 | 0.107601 0.098921 0.058499 0.019134 0.005267 0.004811 0.005661 0.007662
2015-01-26 15:03:18 DEBUG rend [MyPathTracerAndPhotonMapper] Values: 0.010784 0.021636 0.034088 0.043871 0.057142 0.092012 0.089404 0.068663 | 0.082178 0.107323 0.048512 0.009810 0.005641 0.005386 0.005861 0.007765
2015-01-26 15:03:18 DEBUG rend [MyPathTracerAndPhotonMapper] Values: 0.009139 0.023436 0.041992 0.063695 0.081991 0.077825 0.060411 0.050087 | 0.057733 0.073327 0.048219 0.009541 0.006077 0.006284 0.007105 0.008859
2015-01-26 15:03:18 DEBUG rend [MyPathTracerAndPhotonMapper] Values: 0.013713 0.037771 0.058510 0.082729 0.104509 0.070954 0.053923 0.054001 | 0.051778 0.044914 0.033916 0.010457 0.007403 0.007451 0.008205 0.009790
2015-01-26 15:03:18 DEBUG rend [MyPathTracerAndPhotonMapper] Values: 0.020857 0.062134 0.083922 0.083628 0.071919 0.065721 0.059498 0.056526 | 0.051866 0.054909 0.036726 0.014592 0.009243 0.008869 0.009802 0.011433
2015-01-26 15:03:18 DEBUG rend [MyPathTracerAndPhotonMapper] Values: 0.013421 0.046873 0.078523 0.061389 0.043955 0.043982 0.038498 0.037398 | 0.052097 0.066420 0.048268 0.021423 0.016625 0.010780 0.012208 0.014347
2015-01-26 15:03:18 DEBUG rend [MyPathTracerAndPhotonMapper] Values: 0.017066 0.030457 0.058257 0.049668 0.027852 0.021340 0.016443 0.017361 | 0.037667 0.054487 0.036741 0.020198 0.016539 0.013246 0.014956 0.016343
2015-01-26 15:03:18 DEBUG rend [MyPathTracerAndPhotonMapper] Values: 0.019771 0.055794 0.077521 0.065275 0.047031 0.042049 0.038446 0.048124 | 0.052966 0.050024 0.041163 0.026412 0.014000 0.014450 0.017584 0.020215
2015-01-26 15:03:19 DEBUG rend [MyPathTracerAndPhotonMapper] Finalized envmaps. Erased 0, 25000 left. Build kD-Tree.
2015-01-26 15:03:19 DEBUG rend [MyPathTracerAndPhotonMapper] Done building kd-Tree for 25000 envmaps
2015-01-26 15:03:19 DEBUG rend [MyPathTracerAndPhotonMapper] preprocessing done. try to write an envmap.
2015-01-26 15:03:19 INFO  rend [SamplingIntegrator] Starting render job (768x576, 128 samples, 4 cores, SSE2 enabled) ..
2015-01-26 15:58:19 INFO  rend [RenderJob] Render time: 57.8810m
2015-01-26 15:58:19 DEBUG rend [HDRFilm] Developing film ..
2015-01-26 15:58:19 INFO  rend [HDRFilm] Writing image to "E:\Kekse\projekte\Bachelorarbeit\Szenen\veach_bidir\bidir.exr" ..
2015-01-26 15:58:19 DEBUG rend [Bitmap] Writing a 768x576 OpenEXR file
2015-01-26 15:58:19 DEBUG rend [Thread] Thread "rend" has finished
2015-01-26 15:58:53 DEBUG main [Bitmap] Writing a 768x576 PNG file
2015-01-26 15:59:15 DEBUG main [GLProgram] Freeing GPU program "vpl=AreaLightShader, bsdf=SmoothDielectricShader, ds"
2015-01-26 15:59:15 DEBUG main [GLProgram] Freeing GPU program "vpl=AreaLightShader, bsdf=SmoothDiffuseShader[ConstantSpectrumTextureShader], ds"
2015-01-26 15:59:15 DEBUG main [GLProgram] Freeing GPU program "vpl=AreaLightShader, bsdf=SmoothDiffuseShader[ConstantSpectrumTextureShader], emitter=AreaLightShader, ds"
2015-01-26 15:59:15 DEBUG main [GLProgram] Freeing GPU program "vpl=AreaLightShader, bsdf=WardShader[ConstantSpectrumTextureShader, ConstantSpectrumTextureShader, ConstantFloatTextureShader, ConstantFloatTextureShader], ds"
2015-01-26 15:59:15 DEBUG main [GLProgram] Freeing GPU program "vpl=SmoothDiffuseShader[ConstantSpectrumTextureShader], bsdf=SmoothDielectricShader, ds"
2015-01-26 15:59:15 DEBUG main [GLProgram] Freeing GPU program "vpl=SmoothDiffuseShader[ConstantSpectrumTextureShader], bsdf=SmoothDiffuseShader[ConstantSpectrumTextureShader], ds"
2015-01-26 15:59:15 DEBUG main [GLProgram] Freeing GPU program "vpl=SmoothDiffuseShader[ConstantSpectrumTextureShader], bsdf=SmoothDiffuseShader[ConstantSpectrumTextureShader], emitter=AreaLightShader, ds"
2015-01-26 15:59:15 DEBUG main [GLProgram] Freeing GPU program "vpl=SmoothDiffuseShader[ConstantSpectrumTextureShader], bsdf=WardShader[ConstantSpectrumTextureShader, ConstantSpectrumTextureShader, ConstantFloatTextureShader, ConstantFloatTextureShader], ds"
2015-01-26 15:59:15 DEBUG main [GLProgram] Freeing GPU program "vpl=WardShader[ConstantSpectrumTextureShader, ConstantSpectrumTextureShader, ConstantFloatTextureShader, ConstantFloatTextureShader], bsdf=SmoothDielectricShader, ds"
2015-01-26 15:59:15 DEBUG main [GLProgram] Freeing GPU program "vpl=WardShader[ConstantSpectrumTextureShader, ConstantSpectrumTextureShader, ConstantFloatTextureShader, ConstantFloatTextureShader], bsdf=SmoothDiffuseShader[ConstantSpectrumTextureShader], ds"
2015-01-26 15:59:15 DEBUG main [GLProgram] Freeing GPU program "vpl=WardShader[ConstantSpectrumTextureShader, ConstantSpectrumTextureShader, ConstantFloatTextureShader, ConstantFloatTextureShader], bsdf=SmoothDiffuseShader[ConstantSpectrumTextureShader], emitter=AreaLightShader, ds"
2015-01-26 15:59:15 DEBUG main [GLProgram] Freeing GPU program "vpl=WardShader[ConstantSpectrumTextureShader, ConstantSpectrumTextureShader, ConstantFloatTextureShader, ConstantFloatTextureShader], bsdf=WardShader[ConstantSpectrumTextureShader, ConstantSpectrumTextureShader, ConstantFloatTextureShader, ConstantFloatTextureShader], ds"
2015-01-26 15:59:15 DEBUG prvw [GLProgram] Freeing GPU program "Directional shadow map generator"
2015-01-26 15:59:15 DEBUG prvw [GLProgram] Freeing GPU program "Paraboloid shadow map generator"
2015-01-26 15:59:15 DEBUG prvw [GLProgram] Freeing GPU program "Cube/Hemicube shadow map generator (5/6 pass version)"
2015-01-26 15:59:15 DEBUG prvw [GLProgram] Freeing GPU program "Cube shadow map generator (1 pass version)"
2015-01-26 15:59:15 DEBUG prvw [GLProgram] Freeing GPU program "Hemicube shadow map generator (1 pass version)"
2015-01-26 15:59:15 DEBUG prvw [GLProgram] Freeing GPU program "Accumulation program"
2015-01-26 15:59:15 DEBUG prvw [WGLRenderer] Shutting down WGL Renderer
2015-01-26 15:59:15 DEBUG prvw [WGLDevice] Shutting down WGL device
2015-01-26 15:59:15 DEBUG prvw [Thread] Thread "prvw" has finished
2015-01-26 15:59:15 DEBUG wrk1 [Thread] Thread "wrk1" has finished
2015-01-26 15:59:15 DEBUG wrk0 [Thread] Thread "wrk0" has finished
2015-01-26 15:59:15 DEBUG wrk3 [Thread] Thread "wrk3" has finished
2015-01-26 15:59:15 DEBUG wrk2 [Thread] Thread "wrk2" has finished
2015-01-26 15:59:15 DEBUG main [GLProgram] Freeing GPU program "Log-luminance program"
2015-01-26 15:59:15 DEBUG main [GLProgram] Freeing GPU program "Downsampling program"
2015-01-26 15:59:15 DEBUG main [GLProgram] Freeing GPU program "Tonemapper [Reinhard et al. 2002]"
2015-01-26 15:59:15 DEBUG main [GLProgram] Freeing GPU program "Tonemapper [Gamma]"
2015-01-26 15:59:15 DEBUG main [WGLSession] Shutting down WGL session
2015-01-26 15:59:15 INFO  main [statistics.cpp:142] Statistics:
------------------------------------------------------------
 * Loaded plugins :
    -  plugins\area.dll [Area light]
    -  plugins\bdpt.dll [Bidirectional path tracer]
    -  plugins\dielectric.dll [Smooth dielectric BSDF]
    -  plugins\diffuse.dll [Smooth diffuse BRDF]
    -  plugins\gaussian.dll [Gaussian reconstruction filter]
    -  plugins\halton.dll [Halton QMC sampler]
    -  plugins\hdrfilm.dll [High dynamic range film]
    -  plugins\homogeneous.dll [Homogeneous medium]
    -  plugins\isotropic.dll [Isotropic phase function]
    -  plugins\ldsampler.dll [Low discrepancy sampler]
    -  plugins\mypathtracerandphotonmapper.dll [My Path Tracer and Photon Mapper]
    -  plugins\perspective.dll [Perspective camera]
    -  plugins\serialized.dll [Serialized mesh loader]
    -  plugins\ward.dll [Anisotropic Ward BRDF]

  * General :
    -  Normal rays traced : 993.565 M
    -  Shadow rays traced : 445.887 M
------------------------------------------------------------
