2015-01-26 17:30:05 INFO  main [mainwindow.cpp:80] Mitsuba version 0.5.0 (Windows, 64 bit), Copyright (c) 2014 Wenzel Jakob
2015-01-26 17:30:05 INFO  main [mainwindow.cpp:83] Configured for RGB-based rendering
2015-01-26 17:30:06 DEBUG main [WGLSession] Initializing WGL session
2015-01-26 17:30:06 DEBUG main [WGLRenderer] Using an existing WGL context
2015-01-26 17:30:06 DEBUG main [GLRenderer] OpenGL renderer : GeForce GTX 660 Ti/PCIe/SSE2
2015-01-26 17:30:06 DEBUG main [GLRenderer] OpenGL vendor   : NVIDIA Corporation
2015-01-26 17:30:06 DEBUG main [GLRenderer] OpenGL version  : 4.4.0
2015-01-26 17:30:06 DEBUG main [GLRenderer] Capabilities: Framebuffers objects are supported.
2015-01-26 17:30:06 DEBUG main [GLRenderer] Capabilities: GLSL is supported.
2015-01-26 17:30:06 DEBUG main [GLRenderer] Capabilities: Floating point textures are supported.
2015-01-26 17:30:06 DEBUG main [GLRenderer] Capabilities: Floating point color buffers are supported.
2015-01-26 17:30:06 DEBUG main [GLRenderer] Capabilities: Fast buffer blitting is supported.
2015-01-26 17:30:06 DEBUG main [GLRenderer] Capabilities: Multisample framebuffer objects are supported.
2015-01-26 17:30:06 DEBUG main [GLRenderer] Capabilities: Vertex buffer objects are supported.
2015-01-26 17:30:06 DEBUG main [GLRenderer] Capabilities: Geometry shaders are supported.
2015-01-26 17:30:06 DEBUG main [GLRenderer] Capabilities: Custom texture filtering is supported.
2015-01-26 17:30:06 DEBUG main [GLRenderer] Capabilities: Synchronization objects are supported.
2015-01-26 17:30:06 DEBUG main [GLRenderer] Capabilities: Bindless rendering is supported.
2015-01-26 17:30:06 DEBUG main [Thread] Spawning thread "prvw"
2015-01-26 17:30:06 DEBUG prvw [WGLDevice] Initializing WGL device
2015-01-26 17:30:06 DEBUG prvw [WGLRenderer] Initializing WGL renderer
2015-01-26 17:30:06 DEBUG prvw [GLProgram] Uploading a GPU program : GPUProgram[name = 'Accumulation program']
2015-01-26 17:30:06 DEBUG prvw [GLProgram] Uploading a GPU program : GPUProgram[name = 'Directional shadow map generator']
2015-01-26 17:30:06 DEBUG prvw [GLProgram] Uploading a GPU program : GPUProgram[name = 'Paraboloid shadow map generator', maxVertices=4]
2015-01-26 17:30:06 DEBUG prvw [GLProgram] Uploading a GPU program : GPUProgram[name = 'Cube/Hemicube shadow map generator (5/6 pass version)']
2015-01-26 17:30:06 DEBUG prvw [GLProgram] Uploading a GPU program : GPUProgram[name = 'Cube shadow map generator (1 pass version)', maxVertices=18]
2015-01-26 17:30:06 DEBUG prvw [GLProgram] Uploading a GPU program : GPUProgram[name = 'Hemicube shadow map generator (1 pass version)', maxVertices=15]
2015-01-26 17:30:06 DEBUG main [GLProgram] Uploading a GPU program : GPUProgram[name = 'Tonemapper [Gamma]']
2015-01-26 17:30:06 DEBUG main [GLProgram] Uploading a GPU program : GPUProgram[name = 'Tonemapper [Reinhard et al. 2002]']
2015-01-26 17:30:06 DEBUG main [GLProgram] Uploading a GPU program : GPUProgram[name = 'Downsampling program']
2015-01-26 17:30:06 DEBUG main [GLProgram] Uploading a GPU program : GPUProgram[name = 'Log-luminance program']
2015-01-26 17:30:06 DEBUG main [Thread] Spawning thread "wrk0"
2015-01-26 17:30:06 DEBUG main [Thread] Spawning thread "wrk1"
2015-01-26 17:30:06 DEBUG main [Thread] Spawning thread "wrk2"
2015-01-26 17:30:06 DEBUG main [Thread] Spawning thread "wrk3"
2015-01-26 17:30:09 DEBUG main [Thread] Spawning thread "load"
2015-01-26 17:30:09 INFO  load [sceneloader.cpp:101] Parsing scene description from "E:\Kekse\projekte\Bachelorarbeit\Szenen\veach_bidir\bidir.xml" ..
2015-01-26 17:30:09 INFO  load [PluginManager] Loading plugin "plugins\bdpt.dll" ..
2015-01-26 17:30:09 INFO  load [PluginManager] Loading plugin "plugins\ldsampler.dll" ..
2015-01-26 17:30:09 INFO  load [PluginManager] Loading plugin "plugins\gaussian.dll" ..
2015-01-26 17:30:09 INFO  load [PluginManager] Loading plugin "plugins\hdrfilm.dll" ..
2015-01-26 17:30:09 INFO  load [PluginManager] Loading plugin "plugins\perspective.dll" ..
2015-01-26 17:30:09 INFO  load [PluginManager] Loading plugin "plugins\dielectric.dll" ..
2015-01-26 17:30:09 INFO  load [PluginManager] Loading plugin "plugins\homogeneous.dll" ..
2015-01-26 17:30:09 DEBUG load [materials.h:195] Medium parameters: sigmaS=[0.74, 0.88, 1.01], sigmaA=[0.032, 0.17, 0.48], g=0
2015-01-26 17:30:09 INFO  load [PluginManager] Loading plugin "plugins\isotropic.dll" ..
2015-01-26 17:30:09 INFO  load [PluginManager] Loading plugin "plugins\ward.dll" ..
2015-01-26 17:30:09 INFO  load [PluginManager] Loading plugin "plugins\diffuse.dll" ..
2015-01-26 17:30:09 INFO  load [PluginManager] Loading plugin "plugins\serialized.dll" ..
2015-01-26 17:30:09 INFO  load [SerializedMesh] Loading shape 0 from "bidir.serialized" ..
2015-01-26 17:30:09 DEBUG load [SerializedMesh] Done (2162 triangles, 1083 vertices, 0 ms)
2015-01-26 17:30:09 INFO  load [SerializedMesh] Loading shape 1 from "bidir.serialized" ..
2015-01-26 17:30:09 DEBUG load [SerializedMesh] Done (70 triangles, 79 vertices, 0 ms)
2015-01-26 17:30:09 INFO  load [SerializedMesh] Loading shape 2 from "bidir.serialized" ..
2015-01-26 17:30:09 DEBUG load [SerializedMesh] Done (64 triangles, 96 vertices, 0 ms)
2015-01-26 17:30:09 INFO  load [SerializedMesh] Loading shape 3 from "bidir.serialized" ..
2015-01-26 17:30:09 DEBUG load [SerializedMesh] Done (64 triangles, 64 vertices, 0 ms)
2015-01-26 17:30:09 INFO  load [SerializedMesh] Loading shape 4 from "bidir.serialized" ..
2015-01-26 17:30:09 DEBUG load [SerializedMesh] Done (128 triangles, 128 vertices, 0 ms)
2015-01-26 17:30:09 INFO  load [SerializedMesh] Loading shape 5 from "bidir.serialized" ..
2015-01-26 17:30:09 DEBUG load [SerializedMesh] Done (98 triangles, 165 vertices, 0 ms)
2015-01-26 17:30:09 INFO  load [PluginManager] Loading plugin "plugins\area.dll" ..
2015-01-26 17:30:09 INFO  load [SerializedMesh] Loading shape 6 from "bidir.serialized" ..
2015-01-26 17:30:09 DEBUG load [SerializedMesh] Done (2 triangles, 4 vertices, 0 ms)
2015-01-26 17:30:09 INFO  load [SerializedMesh] Loading shape 7 from "bidir.serialized" ..
2015-01-26 17:30:09 DEBUG load [SerializedMesh] Done (2 triangles, 4 vertices, 0 ms)
2015-01-26 17:30:09 INFO  load [SerializedMesh] Loading shape 8 from "bidir.serialized" ..
2015-01-26 17:30:09 DEBUG load [SerializedMesh] Done (630 triangles, 391 vertices, 0 ms)
2015-01-26 17:30:09 INFO  load [SerializedMesh] Loading shape 9 from "bidir.serialized" ..
2015-01-26 17:30:09 DEBUG load [SerializedMesh] Done (160 triangles, 160 vertices, 0 ms)
2015-01-26 17:30:09 INFO  load [SerializedMesh] Loading shape 10 from "bidir.serialized" ..
2015-01-26 17:30:09 DEBUG load [SerializedMesh] Done (12 triangles, 26 vertices, 0 ms)
2015-01-26 17:30:09 INFO  load [KDTreeBase] Constructing a SAH kd-tree (3392 primitives) ..
2015-01-26 17:30:09 DEBUG load [KDTreeBase] Creating a preliminary index list (13.3 KiB)
2015-01-26 17:30:09 DEBUG load [KDTreeBase] Computed scene bounds in 1 ms
2015-01-26 17:30:09 DEBUG load [KDTreeBase] 
2015-01-26 17:30:09 DEBUG load [KDTreeBase] kd-tree configuration:
2015-01-26 17:30:09 DEBUG load [KDTreeBase]    Traversal cost           : 15.00
2015-01-26 17:30:09 DEBUG load [KDTreeBase]    Query cost               : 20.00
2015-01-26 17:30:09 DEBUG load [KDTreeBase]    Empty space bonus        : 0.90
2015-01-26 17:30:09 DEBUG load [KDTreeBase]    Max. tree depth          : 22
2015-01-26 17:30:09 DEBUG load [KDTreeBase]    Scene bounding box (min) : [-2.7449, -2.20849, -1.94146]
2015-01-26 17:30:09 DEBUG load [KDTreeBase]    Scene bounding box (max) : [1.64607, 2.05149, 1.95417]
2015-01-26 17:30:09 DEBUG load [KDTreeBase]    Min-max bins             : 128
2015-01-26 17:30:09 DEBUG load [KDTreeBase]    O(n log n) method        : use for <= 65536 primitives
2015-01-26 17:30:09 DEBUG load [KDTreeBase]    Perfect splits           : yes
2015-01-26 17:30:09 DEBUG load [KDTreeBase]    Retract bad splits       : yes
2015-01-26 17:30:09 DEBUG load [KDTreeBase]    Stopping primitive count : 6
2015-01-26 17:30:09 DEBUG load [KDTreeBase]    Build tree in parallel   : no
2015-01-26 17:30:09 DEBUG load [KDTreeBase] 
2015-01-26 17:30:09 INFO  load [KDTreeBase] Finished -- took 102 ms.
2015-01-26 17:30:09 DEBUG load [KDTreeBase] 
2015-01-26 17:30:09 DEBUG load [KDTreeBase] Temporary memory statistics:
2015-01-26 17:30:09 DEBUG load [KDTreeBase]    Classification storage : 4.1 KiB
2015-01-26 17:30:09 DEBUG load [KDTreeBase]    Indirection entries    : 0 (0 B)
2015-01-26 17:30:09 DEBUG load [KDTreeBase]    Main thread:
2015-01-26 17:30:09 DEBUG load [KDTreeBase]       Left events   : 1 chunks (512.0 KiB)
2015-01-26 17:30:09 DEBUG load [KDTreeBase]       Right events  : 1 chunks (512.0 KiB)
2015-01-26 17:30:09 DEBUG load [KDTreeBase]       kd-tree nodes : 6481 entries, 1 blocks (512.0 KiB)
2015-01-26 17:30:09 DEBUG load [KDTreeBase]       Indices       : 11228 entries, 1 blocks (512.0 KiB)
2015-01-26 17:30:09 DEBUG load [KDTreeBase]    Total: 2.0 MiB
2015-01-26 17:30:09 DEBUG load [KDTreeBase] 
2015-01-26 17:30:09 DEBUG load [KDTreeBase] Optimizing memory layout ..
2015-01-26 17:30:09 DEBUG load [KDTreeBase] Finished -- took 1 ms.
2015-01-26 17:30:09 DEBUG load [KDTreeBase] 
2015-01-26 17:30:09 DEBUG load [KDTreeBase] Structural kd-tree statistics:
2015-01-26 17:30:09 DEBUG load [KDTreeBase]    Parallel work units         : 0
2015-01-26 17:30:09 DEBUG load [KDTreeBase]    Node storage cost           : 49.7 KiB
2015-01-26 17:30:09 DEBUG load [KDTreeBase]    Index storage cost          : 43.9 KiB
2015-01-26 17:30:09 DEBUG load [KDTreeBase]    Inner nodes                 : 3182
2015-01-26 17:30:09 DEBUG load [KDTreeBase]    Leaf nodes                  : 3183
2015-01-26 17:30:09 DEBUG load [KDTreeBase]    Nonempty leaf nodes         : 2138
2015-01-26 17:30:09 DEBUG load [KDTreeBase]    Leaf node histogram         : 0(1045) 1(69) 2(106) 3(206) 
2015-01-26 17:30:09 DEBUG load [KDTreeBase]                                  4(480) 5(437) 6(542) 7(83) 
2015-01-26 17:30:09 DEBUG load [KDTreeBase]                                  8(52) 9(36) 10(39) 11(20) 
2015-01-26 17:30:09 DEBUG load [KDTreeBase]                                  12(10) 13(21) 14(12) 15(1) 
2015-01-26 17:30:09 DEBUG load [KDTreeBase] 
2015-01-26 17:30:09 DEBUG load [KDTreeBase] Qualitative kd-tree statistics:
2015-01-26 17:30:09 DEBUG load [KDTreeBase]    Retracted splits            : 92
2015-01-26 17:30:09 DEBUG load [KDTreeBase]    Pruned primitives           : 0
2015-01-26 17:30:09 DEBUG load [KDTreeBase]    Largest leaf node           : 34 primitives
2015-01-26 17:30:09 DEBUG load [KDTreeBase]    Avg. prims/nonempty leaf    : 5.25
2015-01-26 17:30:09 DEBUG load [KDTreeBase]    Expected traversals/query   : 13.93
2015-01-26 17:30:09 DEBUG load [KDTreeBase]    Expected leaf visits/query  : 4.41
2015-01-26 17:30:09 DEBUG load [KDTreeBase]    Expected prim. visits/query : 17.89
2015-01-26 17:30:09 DEBUG load [KDTreeBase]    Final cost                  : 566.68
2015-01-26 17:30:09 DEBUG load [KDTreeBase] 
2015-01-26 17:30:09 DEBUG load [ShapeKDTree] Precomputing triangle intersection information (159.0 KiB)
2015-01-26 17:30:09 DEBUG load [ShapeKDTree] Finished -- took 0 ms.
2015-01-26 17:30:09 DEBUG load [ShapeKDTree] 
2015-01-26 17:30:09 DEBUG load [Thread] Thread "load" has finished
2015-01-26 17:30:09 INFO  prvw [PluginManager] Loading plugin "plugins\halton.dll" ..
2015-01-26 17:30:09 DEBUG prvw [GLProgram] Uploading a GPU program : GPUProgram[name = 'vpl=SmoothDiffuseShader[ConstantSpectrumTextureShader], bsdf=SmoothDielectricShader, ds']
2015-01-26 17:30:09 DEBUG prvw [GLProgram] Uploading a GPU program : GPUProgram[name = 'vpl=SmoothDiffuseShader[ConstantSpectrumTextureShader], bsdf=SmoothDiffuseShader[ConstantSpectrumTextureShader], emitter=AreaLightShader, ds']
2015-01-26 17:30:09 DEBUG prvw [GLProgram] Uploading a GPU program : GPUProgram[name = 'vpl=SmoothDiffuseShader[ConstantSpectrumTextureShader], bsdf=SmoothDiffuseShader[ConstantSpectrumTextureShader], ds']
2015-01-26 17:30:09 DEBUG prvw [GLProgram] Uploading a GPU program : GPUProgram[name = 'vpl=SmoothDiffuseShader[ConstantSpectrumTextureShader], bsdf=WardShader[ConstantSpectrumTextureShader, ConstantSpectrumTextureShader, ConstantFloatTextureShader, ConstantFloatTextureShader], ds']
2015-01-26 17:30:09 DEBUG prvw [GLProgram] Uploading a GPU program : GPUProgram[name = 'vpl=WardShader[ConstantSpectrumTextureShader, ConstantSpectrumTextureShader, ConstantFloatTextureShader, ConstantFloatTextureShader], bsdf=SmoothDielectricShader, ds']
2015-01-26 17:30:09 DEBUG prvw [GLProgram] Uploading a GPU program : GPUProgram[name = 'vpl=WardShader[ConstantSpectrumTextureShader, ConstantSpectrumTextureShader, ConstantFloatTextureShader, ConstantFloatTextureShader], bsdf=SmoothDiffuseShader[ConstantSpectrumTextureShader], emitter=AreaLightShader, ds']
2015-01-26 17:30:09 DEBUG prvw [GLProgram] Uploading a GPU program : GPUProgram[name = 'vpl=WardShader[ConstantSpectrumTextureShader, ConstantSpectrumTextureShader, ConstantFloatTextureShader, ConstantFloatTextureShader], bsdf=SmoothDiffuseShader[ConstantSpectrumTextureShader], ds']
2015-01-26 17:30:09 DEBUG prvw [GLProgram] Uploading a GPU program : GPUProgram[name = 'vpl=WardShader[ConstantSpectrumTextureShader, ConstantSpectrumTextureShader, ConstantFloatTextureShader, ConstantFloatTextureShader], bsdf=WardShader[ConstantSpectrumTextureShader, ConstantSpectrumTextureShader, ConstantFloatTextureShader, ConstantFloatTextureShader], ds']
2015-01-26 17:30:09 DEBUG prvw [GLProgram] Uploading a GPU program : GPUProgram[name = 'vpl=AreaLightShader, bsdf=SmoothDielectricShader, ds']
2015-01-26 17:30:09 DEBUG prvw [GLProgram] Uploading a GPU program : GPUProgram[name = 'vpl=AreaLightShader, bsdf=SmoothDiffuseShader[ConstantSpectrumTextureShader], emitter=AreaLightShader, ds']
2015-01-26 17:30:09 DEBUG prvw [GLProgram] Uploading a GPU program : GPUProgram[name = 'vpl=AreaLightShader, bsdf=SmoothDiffuseShader[ConstantSpectrumTextureShader], ds']
2015-01-26 17:30:09 DEBUG prvw [GLProgram] Uploading a GPU program : GPUProgram[name = 'vpl=AreaLightShader, bsdf=WardShader[ConstantSpectrumTextureShader, ConstantSpectrumTextureShader, ConstantFloatTextureShader, ConstantFloatTextureShader], ds']
2015-01-26 17:30:32 INFO  main [PluginManager] Loading plugin "plugins\mypathtracerandphotonmapper.dll" ..
2015-01-26 17:30:32 DEBUG main [MyPathTracerAndPhotonMapper] traced_photon_paths = 300000, number_of_envmaps = 20000, fix_w_I = -0.010000, fix_w_E = -0.010000, useFixwE 0, sample_BSDF = 0, samples_for_envmaps 2000
2015-01-26 17:30:32 DEBUG main [Thread] Spawning thread "rend"
2015-01-26 17:30:33 DEBUG rend [MyPathTracerAndPhotonMapper] Solid angles: 0.009597 0.011904 0.014162 0.017524 0.020617 0.022556 0.025427 0.025697 0.026507 0.025305 0.022703 0.020028 0.015855 0.013843 0.010652 0.009008
2015-01-26 17:30:33 DEBUG rend [MyPathTracerAndPhotonMapper] Solid angles: 0.011462 0.012885 0.017131 0.020371 0.024691 0.028863 0.032103 0.033453 0.033748 0.033600 0.029477 0.024568 0.022138 0.017352 0.013646 0.011707
2015-01-26 17:30:33 DEBUG rend [MyPathTracerAndPhotonMapper] Solid angles: 0.013155 0.016469 0.020077 0.022997 0.026139 0.032717 0.037625 0.040841 0.040693 0.036006 0.033429 0.027734 0.022850 0.019659 0.016812 0.014554
2015-01-26 17:30:33 DEBUG rend [MyPathTracerAndPhotonMapper] Solid angles: 0.016812 0.021181 0.022261 0.022507 0.027587 0.032079 0.035024 0.036202 0.037135 0.034312 0.030115 0.026998 0.020813 0.022408 0.020199 0.015978
2015-01-26 17:30:33 DEBUG rend [MyPathTracerAndPhotonMapper] Solid angles: 0.018800 0.023685 0.027096 0.026016 0.022286 0.024200 0.027882 0.030336 0.028029 0.027317 0.026434 0.023881 0.026949 0.028176 0.024863 0.020494
2015-01-26 17:30:33 DEBUG rend [MyPathTracerAndPhotonMapper] Solid angles: 0.021353 0.029575 0.033379 0.030459 0.025255 0.019463 0.018948 0.020077 0.021353 0.020322 0.019684 0.023783 0.032324 0.033846 0.029452 0.021672
2015-01-26 17:30:33 DEBUG rend [MyPathTracerAndPhotonMapper] Solid angles: 0.024396 0.032275 0.037625 0.034386 0.027980 0.019512 0.014358 0.013524 0.015413 0.014923 0.019561 0.025182 0.034680 0.035834 0.032422 0.024912
2015-01-26 17:30:33 DEBUG rend [MyPathTracerAndPhotonMapper] Solid angles: 0.027538 0.034582 0.038681 0.036521 0.031170 0.019954 0.014358 0.010161 0.009695 0.014309 0.019979 0.029305 0.038141 0.040129 0.036202 0.025452
2015-01-26 17:30:33 DEBUG rend [MyPathTracerAndPhotonMapper] Solid angles: 0.027513 0.033919 0.039442 0.037429 0.030164 0.020028 0.013254 0.010505 0.009621 0.014113 0.020469 0.028544 0.036914 0.040546 0.036300 0.025845
2015-01-26 17:30:33 DEBUG rend [MyPathTracerAndPhotonMapper] Solid angles: 0.024421 0.031097 0.036816 0.036374 0.027047 0.021132 0.016272 0.014432 0.014775 0.014407 0.020028 0.027980 0.034386 0.038362 0.032324 0.024715
2015-01-26 17:30:33 DEBUG rend [MyPathTracerAndPhotonMapper] Solid angles: 0.023292 0.027685 0.032569 0.030410 0.025305 0.018530 0.019610 0.019709 0.020175 0.019856 0.020469 0.024347 0.032030 0.032889 0.029428 0.022556
2015-01-26 17:30:33 DEBUG rend [MyPathTracerAndPhotonMapper] Solid angles: 0.021108 0.026090 0.027882 0.024887 0.022408 0.025182 0.028520 0.030385 0.029109 0.027783 0.024985 0.022138 0.025550 0.026556 0.025525 0.018481
2015-01-26 17:30:33 DEBUG rend [MyPathTracerAndPhotonMapper] Solid angles: 0.017377 0.020985 0.021942 0.022384 0.024715 0.031244 0.034238 0.037110 0.038435 0.036325 0.031367 0.024617 0.023636 0.022556 0.020175 0.017352
2015-01-26 17:30:33 DEBUG rend [MyPathTracerAndPhotonMapper] Solid angles: 0.013867 0.015536 0.019512 0.022654 0.026875 0.033723 0.036300 0.039344 0.039908 0.037920 0.033723 0.026728 0.021255 0.019390 0.015536 0.013352
2015-01-26 17:30:33 DEBUG rend [MyPathTracerAndPhotonMapper] Solid angles: 0.010824 0.014113 0.016911 0.020666 0.025378 0.029330 0.033085 0.033674 0.035147 0.031784 0.028716 0.025403 0.019463 0.016174 0.013622 0.011953
2015-01-26 17:30:33 DEBUG rend [MyPathTracerAndPhotonMapper] Solid angles: 0.010137 0.010652 0.013818 0.017671 0.018629 0.021967 0.025722 0.026974 0.025795 0.025869 0.022777 0.019733 0.015757 0.013155 0.011241 0.009842
2015-01-26 17:30:42 DEBUG rend [MyPathTracerAndPhotonMapper] Start placing envmaps. 1925403 Photons in scene.
2015-01-26 17:30:42 DEBUG rend [MyPathTracerAndPhotonMapper] Border size: 2, cropSize: 768 576
2015-01-26 17:30:42 DEBUG rend [MyPathTracerAndPhotonMapper] Added 6911 caches for camera rays
2015-01-26 17:30:42 DEBUG rend [MyPathTracerAndPhotonMapper] Done placing 20000 of 20000 envmapcaches.
2015-01-26 17:30:42 DEBUG rend [MyPathTracerAndPhotonMapper] Start filling envmaps
2015-01-26 17:30:42 DEBUG rend [MyPathTracerAndPhotonMapper] Envmap 0 after progressively filling
2015-01-26 17:30:42 DEBUG rend [MyPathTracerAndPhotonMapper] Values: 17.815659 151.240875 74.538940 14.843132 21.972881 9.037282 282.448914 26.988785 | 4.359384 0.681905 3.302016 0.932980 0.000000 5.247360 16.097202 2.445597
2015-01-26 17:30:42 DEBUG rend [MyPathTracerAndPhotonMapper] Values: 171.686035 966.378357 1222.246826 285.413727 148.997284 334.268219 1364.682495 302.133209 | 124.921883 57.851585 34.609844 1248.718018 239.043671 64.359566 50.293186 21.888674
2015-01-26 17:30:42 DEBUG rend [MyPathTracerAndPhotonMapper] Values: 285.501526 764.328308 773.446411 923.237183 889.196106 636.170959 1027.770508 310.816010 | 314.938599 169.716721 51.877739 1171.436646 351.744537 100.087059 31.411318 5.229856
2015-01-26 17:30:42 DEBUG rend [MyPathTracerAndPhotonMapper] Values: 349.662689 967.489380 851.131348 963.784180 1125.077148 2272.234619 356.642334 542.418701 | 313.450012 1161.990356 942.792358 787.870422 109.178734 569.512756 584.624329 1.295024
2015-01-26 17:30:42 DEBUG rend [MyPathTracerAndPhotonMapper] Values: 620.899170 5280.857422 2427.694092 1128.063232 458.610321 1486.398071 569.361755 594.310730 | 661.443115 670.134277 1075.036987 832.736084 264.431915 874.622925 853.302185 7.008924
2015-01-26 17:30:42 DEBUG rend [MyPathTracerAndPhotonMapper] Values: 501.288116 2300.751221 1774.685791 2004.269653 657.197815 498.242554 972.684448 609.434814 | 904.873108 218.920624 553.045105 672.426575 345.653870 518.650818 182.467484 26.685532
2015-01-26 17:30:42 DEBUG rend [MyPathTracerAndPhotonMapper] Values: 149.914719 466.854340 1517.867310 16116.041992 28792.443359 946.062500 107.761826 550.096619 | 843.450195 484.368622 175.338684 754.507996 583.010864 1479.532227 542.170471 95.952904
2015-01-26 17:30:42 DEBUG rend [MyPathTracerAndPhotonMapper] Values: 34.797905 413.664642 6088.885742 32972.074219 32194.787109 2211.352783 1411.354736 437.687775 | 423.834137 436.565125 127.411789 659.244629 1354.355347 376.122345 96.674210 3.547824
2015-01-26 17:30:42 DEBUG rend [MyPathTracerAndPhotonMapper] Values: 127.701729 642.632141 24803.236328 73097.234375 1874.548828 1438.998291 131.439148 220.821259 | 403.320709 30.203861 66.948059 512.473511 3235.095215 591.094604 284.089294 0.099631
2015-01-26 17:30:42 DEBUG rend [MyPathTracerAndPhotonMapper] Values: 157.476868 401.480560 1932.009644 2720.236084 1022.166077 256.988251 566.956970 849.617310 | 1136.234741 14.875727 247.522141 374.792847 1453.693237 484.908966 223.287781 1.031109
2015-01-26 17:30:42 DEBUG rend [MyPathTracerAndPhotonMapper] Values: 188.898621 528.772766 1354.503906 288.733459 156.100723 1097.600464 627.876160 810.546570 | 608.863220 1.019286 12.800323 75.896523 608.139893 750.476379 571.089172 17.541317
2015-01-26 17:30:42 DEBUG rend [MyPathTracerAndPhotonMapper] Values: 392.475403 1323.776733 769.198486 138.074005 216.725266 544.422424 44.766846 54.407127 | 12.563998 0.000000 4.224220 22.787233 79.251335 298.355164 455.705963 24.300798
2015-01-26 17:30:42 DEBUG rend [MyPathTracerAndPhotonMapper] Values: 289.919586 1084.123047 1329.725952 933.857666 611.406616 512.372620 7.175515 0.000000 | 0.000000 0.000000 0.000000 0.000000 0.000000 0.074767 0.021272 0.000000
2015-01-26 17:30:42 DEBUG rend [MyPathTracerAndPhotonMapper] Values: 150.879807 883.949646 754.124695 356.353577 326.980896 70.806892 0.000000 0.000000 | 0.000000 0.000000 0.000000 0.000000 0.000000 0.000000 0.000000 0.000000
2015-01-26 17:30:42 DEBUG rend [MyPathTracerAndPhotonMapper] Values: 540.387268 122.946609 733.331665 1000.402954 68.495056 1.284738 0.000000 0.000000 | 0.000000 0.000000 0.000000 0.000000 0.000000 0.000000 0.000000 0.000000
2015-01-26 17:30:42 DEBUG rend [MyPathTracerAndPhotonMapper] Values: 1319.463135 1127.676025 93.363411 178.431335 5.797181 0.000000 0.000000 0.000000 | 0.000000 0.000000 0.000000 0.000000 0.000000 0.000000 0.000000 0.000000
2015-01-26 17:31:50 DEBUG rend [MyPathTracerAndPhotonMapper] Envmap 10000 after progressively filling
2015-01-26 17:31:50 DEBUG rend [MyPathTracerAndPhotonMapper] Values: 0.000000 0.000000 0.000000 0.000000 0.000000 0.000000 0.000000 0.000000 | 0.000000 1.678355 146.005692 1212.669556 27.857815 15.610394 30.986353 52.829380
2015-01-26 17:31:50 DEBUG rend [MyPathTracerAndPhotonMapper] Values: 0.000000 0.000000 0.000000 0.000000 0.000000 0.000000 0.000000 0.000000 | 0.000000 0.000000 142.248322 1465.378784 1267.327515 1064.567993 433.978241 106.275444
2015-01-26 17:31:50 DEBUG rend [MyPathTracerAndPhotonMapper] Values: 0.072034 21.447269 0.000000 0.000000 3.575512 3.384341 0.000000 0.000000 | 0.000000 24.399712 600.281433 8686.559570 5527.162598 3003.814941 2047.274048 806.439209
2015-01-26 17:31:50 DEBUG rend [MyPathTracerAndPhotonMapper] Values: 0.346391 103.134308 0.000000 0.000000 2.874907 2.721195 0.000000 0.000000 | 0.000000 177.059372 2517.804199 5116.985352 3574.213135 3506.449951 3332.238037 614.520996
2015-01-26 17:31:50 DEBUG rend [MyPathTracerAndPhotonMapper] Values: 433.743347 68.374550 73.254097 42.047260 0.000000 0.000000 0.000000 368.576660 | 1893.401733 1530.428345 3427.194824 6806.153320 9420.862305 7099.237793 3275.463623 806.474976
2015-01-26 17:31:50 DEBUG rend [MyPathTracerAndPhotonMapper] Values: 358.845062 196.748901 144.930954 70.670486 195.578415 882.397949 982.364746 4263.093262 | 5891.762695 6260.095215 3507.498779 9312.216797 11777.729492 10209.988281 5470.106445 2366.095215
2015-01-26 17:31:50 DEBUG rend [MyPathTracerAndPhotonMapper] Values: 98.782730 1415.396606 1252.918213 1474.911987 2825.728027 4882.351563 4129.797363 5902.846680 | 5390.519531 6176.040527 6318.818359 7494.466797 8984.105469 11202.296875 4362.059082 2807.062500
2015-01-26 17:31:50 DEBUG rend [MyPathTracerAndPhotonMapper] Values: 200.101669 1974.789185 4242.439941 5664.104004 9496.872070 4381.502930 2358.890137 1599.964844 | 2345.044434 7397.407227 13086.040039 16799.939453 10163.522461 10083.800781 2761.159180 768.997925
2015-01-26 17:31:50 DEBUG rend [MyPathTracerAndPhotonMapper] Values: 3034.606445 3411.281494 4390.422363 11271.168945 8213.966797 5880.890625 5457.382324 3718.636719 | 6554.506348 8282.958008 12441.383789 9910.008789 15711.395508 13939.750977 6256.747559 628.106812
2015-01-26 17:31:50 DEBUG rend [MyPathTracerAndPhotonMapper] Values: 1019.910767 1491.076172 1998.740112 5554.800781 10304.669922 3964.798828 3249.477051 5561.266602 | 11666.144531 12096.556641 14847.271484 15438.529297 16225.349609 17636.332031 7231.357422 2398.344482
2015-01-26 17:31:50 DEBUG rend [MyPathTracerAndPhotonMapper] Values: 822.138733 2699.152344 4652.891113 5630.868652 13372.789063 5618.193848 6282.051270 9336.803711 | 9331.446289 12178.070313 22237.144531 18990.142578 18847.517578 21369.962891 6878.049805 283.177032
2015-01-26 17:31:50 DEBUG rend [MyPathTracerAndPhotonMapper] Values: 343.136536 1361.968628 10283.087891 9222.872070 8781.939453 13105.518555 14130.752930 18046.693359 | 15200.256836 26281.355469 21239.669922 21678.136719 30046.244141 23502.562500 8038.937012 1394.779785
2015-01-26 17:31:50 DEBUG rend [MyPathTracerAndPhotonMapper] Values: 247.879700 4899.497070 4838.388672 5413.633789 5405.171387 17457.783203 33152.871094 39756.460938 | 31211.128906 35867.722656 36329.441406 23129.921875 20677.699219 16068.956055 4297.308105 3242.399414
2015-01-26 17:31:50 DEBUG rend [MyPathTracerAndPhotonMapper] Values: 34.309368 4527.706543 4287.908691 4716.235352 8760.552734 9401.980469 15335.362305 35405.195313 | 41592.113281 50440.601563 172960.828125 108638.765625 36350.734375 6815.502930 3714.772949 1251.748535
2015-01-26 17:31:50 DEBUG rend [MyPathTracerAndPhotonMapper] Values: 4.794846 1124.700928 3696.984863 2452.844727 7683.985352 6546.003418 9427.773438 16028.001953 | 15802.780273 75553.992188 263547.375000 225766.515625 112518.414063 13097.083008 2243.346924 1705.863647
2015-01-26 17:31:50 DEBUG rend [MyPathTracerAndPhotonMapper] Values: 0.000000 83.814987 1353.321045 982.470337 76.254593 1584.461182 1785.890259 3178.522949 | 2595.854004 2481.803467 12480.216797 30043.912109 10768.114258 10.450480 2715.697754 38.691345
2015-01-26 17:32:57 DEBUG rend [MyPathTracerAndPhotonMapper] Done filling envmaps with 2000 additional samples.
2015-01-26 17:32:57 DEBUG rend [MyPathTracerAndPhotonMapper] Finished. 1925403 Photons and 20000 Envmaps available.
2015-01-26 17:32:57 DEBUG rend [MyPathTracerAndPhotonMapper] Start finalizing envmaps. 20000 available.
2015-01-26 17:32:58 DEBUG rend [MyPathTracerAndPhotonMapper] Envmap 10000 before finalizing, sum: 2555404.849690, min: 1000.000000,
2015-01-26 17:32:58 DEBUG rend [MyPathTracerAndPhotonMapper] Values: 20.902534 95.059441 235.807953 212.157272 169.965042 314.441711 520.922791 671.174377 | 678.461975 1280.040649 3890.546387 5804.681152 3701.448730 1094.705322 486.260132 232.056244
2015-01-26 17:32:58 DEBUG rend [MyPathTracerAndPhotonMapper] Values: 68.338173 2.685411 1.340454 0.223469 0.658460 0.646512 0.211521 0.000000 | 1.629879 67.683746 932.352051 2173.777100 2134.868408 1333.313354 757.050903 318.120483
2015-01-26 17:32:58 DEBUG rend [MyPathTracerAndPhotonMapper] Values: 155.042786 18.284260 9.126802 0.626621 1.846359 1.812855 0.593117 0.000000 | 14.116175 269.520844 1993.910645 4229.215332 4145.366211 2807.120605 1789.615845 783.037781
2015-01-26 17:32:58 DEBUG rend [MyPathTracerAndPhotonMapper] Values: 250.441452 68.746445 30.290367 10.417121 4.345290 1.686174 23.587711 164.409698 | 379.020447 923.398682 2860.112305 5163.306152 5439.721191 4269.723145 2745.771240 1131.602295
2015-01-26 17:32:58 DEBUG rend [MyPathTracerAndPhotonMapper] Values: 467.722168 149.461365 73.392227 49.963905 89.799423 184.441010 490.630951 1291.339111 | 2115.961670 2597.142822 3956.181641 6447.272949 7771.485352 6586.047363 3950.938721 1610.442627
2015-01-26 17:32:58 DEBUG rend [MyPathTracerAndPhotonMapper] Values: 795.214355 413.799255 422.977356 509.344940 921.201050 1412.856689 2102.113281 3422.324463 | 4572.448242 4767.610840 5417.108887 7785.720703 9722.963867 8623.824219 5263.919434 2282.462646
2015-01-26 17:32:58 DEBUG rend [MyPathTracerAndPhotonMapper] Values: 954.035828 1103.398926 1717.083862 2475.394531 3400.063721 3562.622559 3493.691162 4122.262207 | 5107.126465 6266.762207 7848.313965 9458.926758 10226.150391 8891.350586 5334.897461 2200.645752
2015-01-26 17:32:58 DEBUG rend [MyPathTracerAndPhotonMapper] Values: 1301.037842 2200.895508 3819.186523 5769.389648 6479.213867 5211.931152 3809.848877 3536.431396 | 4709.090820 7504.688477 10632.671875 11997.721680 11647.443359 9486.436523 5160.316895 1851.315552
2015-01-26 17:32:58 DEBUG rend [MyPathTracerAndPhotonMapper] Values: 1830.652222 2680.506592 4630.856934 7423.374512 7895.517090 5810.548828 4234.553711 4552.521484 | 6556.173340 9503.501953 12109.408203 13421.543945 13955.089844 11969.808594 6564.701172 2415.146973
2015-01-26 17:32:58 DEBUG rend [MyPathTracerAndPhotonMapper] Values: 1662.105835 2320.158203 3949.113037 6953.760742 8239.532227 6205.740723 5005.214844 6613.286133 | 9204.286133 12056.225586 14573.594727 15683.568359 16523.677734 14735.742188 8217.835938 2806.876465
2015-01-26 17:32:58 DEBUG rend [MyPathTracerAndPhotonMapper] Values: 1164.092285 2568.601807 4841.624023 7468.663574 9125.655273 8274.371094 8154.808594 10002.296875 | 12254.638672 15722.413086 18684.591797 19670.109375 20431.814453 17546.916016 9143.192383 2547.042236
2015-01-26 17:32:58 DEBUG rend [MyPathTracerAndPhotonMapper] Values: 1259.394043 3278.682617 6245.484375 7836.236816 9466.308594 12663.268555 16866.658203 19313.300781 | 20480.082031 23325.376953 24261.041016 23226.019531 23072.240234 18484.939453 9079.103516 2602.487305
2015-01-26 17:32:58 DEBUG rend [MyPathTracerAndPhotonMapper] Values: 1660.400513 3531.145020 5559.412109 6383.334473 8680.944336 14935.675781 23870.722656 30057.257813 | 32490.712891 42686.804688 53672.058594 45485.332031 28408.589844 15813.291016 7017.747559 2467.761719
2015-01-26 17:32:58 DEBUG rend [MyPathTracerAndPhotonMapper] Values: 1448.372314 2974.481445 4162.558594 5144.959473 7582.950684 11842.320313 19744.083984 28539.949219 | 37455.878906 75037.656250 123129.609375 111502.757813 57547.882813 19091.367188 4886.825684 1824.688477
2015-01-26 17:32:58 DEBUG rend [MyPathTracerAndPhotonMapper] Values: 728.180542 1675.058960 2720.982422 3653.047852 5193.274414 6771.154785 10416.986328 15815.611328 | 26641.072266 74774.382813 138707.343750 135320.171875 72971.703125 21819.568359 3722.288574 1272.837402
2015-01-26 17:32:58 DEBUG rend [MyPathTracerAndPhotonMapper] Values: 196.124771 562.067749 1157.335693 1442.230713 1862.856201 2516.618652 3631.192871 4922.758789 | 9055.832031 29417.927734 59055.871094 62304.398438 35522.847656 10503.463867 1898.820557 711.417175
2015-01-26 17:32:58 DEBUG rend [MyPathTracerAndPhotonMapper] Envmap 10000 after finalizing, newsum: 1.007186, sum: 2555404.849690, newersum: 1.000000
2015-01-26 17:32:58 DEBUG rend [MyPathTracerAndPhotonMapper] Values: 0.000199 0.000199 0.000199 0.000199 0.000199 0.000199 0.000202 0.000261 | 0.000264 0.000497 0.001512 0.002255 0.001438 0.000425 0.000199 0.000199
2015-01-26 17:32:58 DEBUG rend [MyPathTracerAndPhotonMapper] Values: 0.000199 0.000199 0.000199 0.000199 0.000199 0.000199 0.000199 0.000199 | 0.000199 0.000199 0.000362 0.000845 0.000829 0.000518 0.000294 0.000199
2015-01-26 17:32:58 DEBUG rend [MyPathTracerAndPhotonMapper] Values: 0.000199 0.000199 0.000199 0.000199 0.000199 0.000199 0.000199 0.000199 | 0.000199 0.000199 0.000775 0.001643 0.001611 0.001091 0.000695 0.000304
2015-01-26 17:32:58 DEBUG rend [MyPathTracerAndPhotonMapper] Values: 0.000199 0.000199 0.000199 0.000199 0.000199 0.000199 0.000199 0.000199 | 0.000199 0.000359 0.001111 0.002006 0.002114 0.001659 0.001067 0.000440
2015-01-26 17:32:58 DEBUG rend [MyPathTracerAndPhotonMapper] Values: 0.000199 0.000199 0.000199 0.000199 0.000199 0.000199 0.000199 0.000502 | 0.000822 0.001009 0.001537 0.002505 0.003019 0.002559 0.001535 0.000626
2015-01-26 17:32:58 DEBUG rend [MyPathTracerAndPhotonMapper] Values: 0.000309 0.000199 0.000199 0.000199 0.000358 0.000549 0.000817 0.001330 | 0.001777 0.001852 0.002105 0.003025 0.003778 0.003351 0.002045 0.000887
2015-01-26 17:32:58 DEBUG rend [MyPathTracerAndPhotonMapper] Values: 0.000371 0.000429 0.000667 0.000962 0.001321 0.001384 0.001357 0.001602 | 0.001984 0.002435 0.003049 0.003675 0.003973 0.003455 0.002073 0.000855
2015-01-26 17:32:58 DEBUG rend [MyPathTracerAndPhotonMapper] Values: 0.000505 0.000855 0.001484 0.002242 0.002517 0.002025 0.001480 0.001374 | 0.001830 0.002916 0.004131 0.004662 0.004525 0.003686 0.002005 0.000719
2015-01-26 17:32:58 DEBUG rend [MyPathTracerAndPhotonMapper] Values: 0.000711 0.001041 0.001799 0.002884 0.003068 0.002258 0.001645 0.001769 | 0.002547 0.003692 0.004705 0.005215 0.005422 0.004651 0.002551 0.000938
2015-01-26 17:32:58 DEBUG rend [MyPathTracerAndPhotonMapper] Values: 0.000646 0.000901 0.001534 0.002702 0.003201 0.002411 0.001945 0.002569 | 0.003576 0.004684 0.005662 0.006094 0.006420 0.005725 0.003193 0.001091
2015-01-26 17:32:58 DEBUG rend [MyPathTracerAndPhotonMapper] Values: 0.000452 0.000998 0.001881 0.002902 0.003546 0.003215 0.003168 0.003886 | 0.004761 0.006109 0.007260 0.007643 0.007938 0.006818 0.003552 0.000990
2015-01-26 17:32:58 DEBUG rend [MyPathTracerAndPhotonMapper] Values: 0.000489 0.001274 0.002427 0.003045 0.003678 0.004920 0.006553 0.007504 | 0.007957 0.009063 0.009426 0.009024 0.008964 0.007182 0.003528 0.001011
2015-01-26 17:32:58 DEBUG rend [MyPathTracerAndPhotonMapper] Values: 0.000645 0.001372 0.002160 0.002480 0.003373 0.005803 0.009275 0.011678 | 0.012624 0.016585 0.020853 0.017673 0.011038 0.006144 0.002727 0.000959
2015-01-26 17:32:58 DEBUG rend [MyPathTracerAndPhotonMapper] Values: 0.000563 0.001156 0.001617 0.001999 0.002946 0.004601 0.007671 0.011089 | 0.014553 0.029155 0.047840 0.043323 0.022359 0.007418 0.001899 0.000709
2015-01-26 17:32:58 DEBUG rend [MyPathTracerAndPhotonMapper] Values: 0.000283 0.000651 0.001057 0.001419 0.002018 0.002631 0.004047 0.006145 | 0.010351 0.029052 0.053893 0.052577 0.028352 0.008478 0.001446 0.000495
2015-01-26 17:32:58 DEBUG rend [MyPathTracerAndPhotonMapper] Values: 0.000199 0.000218 0.000450 0.000560 0.000724 0.000978 0.001411 0.001913 | 0.003519 0.011430 0.022945 0.024207 0.013802 0.004081 0.000738 0.000276
2015-01-26 17:32:58 DEBUG rend [MyPathTracerAndPhotonMapper] m_envmaps[i].getEnvmap_pdf 10000 after adapting to solid angle, newsum: 1.007186, sum: 2555404.849690, newersum: 1.000000
2015-01-26 17:32:58 DEBUG rend [MyPathTracerAndPhotonMapper] Values: 0.020692 0.016682 0.014022 0.011331 0.009632 0.008804 0.007960 0.010148 | 0.009945 0.019654 0.066582 0.112610 0.090705 0.030726 0.018642 0.022045
2015-01-26 17:32:58 DEBUG rend [MyPathTracerAndPhotonMapper] Values: 0.017325 0.015411 0.011591 0.009748 0.008042 0.006880 0.006185 0.005936 | 0.005884 0.005910 0.012289 0.034377 0.037468 0.029854 0.021555 0.016961
2015-01-26 17:32:58 DEBUG rend [MyPathTracerAndPhotonMapper] Values: 0.015094 0.012058 0.009891 0.008635 0.007597 0.006069 0.005278 0.004862 | 0.004880 0.005515 0.023175 0.059248 0.070486 0.055478 0.041358 0.020903
2015-01-26 17:32:58 DEBUG rend [MyPathTracerAndPhotonMapper] Values: 0.011811 0.009375 0.008920 0.008823 0.007198 0.006190 0.005670 0.005485 | 0.005347 0.010456 0.036900 0.074306 0.101548 0.074032 0.052815 0.027517
2015-01-26 17:32:58 DEBUG rend [MyPathTracerAndPhotonMapper] Values: 0.010562 0.008384 0.007328 0.007633 0.008910 0.008205 0.007122 0.016539 | 0.029331 0.036940 0.058150 0.104895 0.112045 0.090818 0.061742 0.030532
2015-01-26 17:32:58 DEBUG rend [MyPathTracerAndPhotonMapper] Values: 0.014470 0.006714 0.005949 0.006519 0.014172 0.028204 0.043105 0.066231 | 0.083199 0.091151 0.106926 0.127194 0.116870 0.098998 0.069441 0.040920
2015-01-26 17:32:58 DEBUG rend [MyPathTracerAndPhotonMapper] Values: 0.015194 0.013283 0.017731 0.027970 0.047214 0.070940 0.094541 0.118434 | 0.128738 0.163166 0.155887 0.145944 0.114567 0.096406 0.063931 0.034322
2015-01-26 17:32:58 DEBUG rend [MyPathTracerAndPhotonMapper] Values: 0.018356 0.024727 0.038362 0.061379 0.080762 0.101484 0.103096 0.135225 | 0.188726 0.203777 0.206780 0.159069 0.118651 0.091849 0.055383 0.028261
2015-01-26 17:32:58 DEBUG rend [MyPathTracerAndPhotonMapper] Values: 0.025852 0.030704 0.045618 0.077059 0.101700 0.112724 0.124138 0.168383 | 0.264762 0.261641 0.229852 0.182689 0.146884 0.114701 0.070265 0.036308
2015-01-26 17:32:58 DEBUG rend [MyPathTracerAndPhotonMapper] Values: 0.026444 0.028989 0.041677 0.074278 0.118362 0.114099 0.119509 0.178045 | 0.242038 0.325135 0.282727 0.217786 0.186706 0.149246 0.098778 0.044125
2015-01-26 17:32:58 DEBUG rend [MyPathTracerAndPhotonMapper] Values: 0.019418 0.036048 0.057758 0.095425 0.140119 0.173492 0.161569 0.197185 | 0.236004 0.307653 0.354657 0.313896 0.247849 0.207294 0.120717 0.043874
2015-01-26 17:32:58 DEBUG rend [MyPathTracerAndPhotonMapper] Values: 0.023182 0.048827 0.087032 0.122338 0.164135 0.195384 0.229781 0.246960 | 0.273362 0.326192 0.377270 0.407623 0.350857 0.270447 0.138198 0.054712
2015-01-26 17:32:58 DEBUG rend [MyPathTracerAndPhotonMapper] Values: 0.037125 0.065379 0.098442 0.110801 0.136467 0.185732 0.270883 0.314694 | 0.328442 0.456586 0.664826 0.717895 0.466997 0.272394 0.135150 0.055255
2015-01-26 17:32:58 DEBUG rend [MyPathTracerAndPhotonMapper] Values: 0.040581 0.074387 0.082887 0.088241 0.109626 0.136440 0.211329 0.281845 | 0.364662 0.768850 1.418621 1.620871 1.051967 0.382561 0.122212 0.053098
2015-01-26 17:32:58 DEBUG rend [MyPathTracerAndPhotonMapper] Values: 0.026139 0.046116 0.062517 0.068681 0.079508 0.089699 0.122333 0.182483 | 0.294510 0.914058 1.876741 2.069726 1.456706 0.524145 0.106171 0.041375
2015-01-26 17:32:58 DEBUG rend [MyPathTracerAndPhotonMapper] Values: 0.019590 0.020502 0.032542 0.031710 0.038853 0.044513 0.054850 0.070909 | 0.136401 0.441837 1.007409 1.226742 0.875918 0.310212 0.065631 0.028085
2015-01-26 17:32:58 DEBUG rend [MyPathTracerAndPhotonMapper] Finalized envmaps. Erased 0, 20000 left. Build kD-Tree.
2015-01-26 17:32:58 DEBUG rend [MyPathTracerAndPhotonMapper] Done building kd-Tree for 20000 envmaps
2015-01-26 17:32:58 DEBUG rend [MyPathTracerAndPhotonMapper] preprocessing done. try to write an envmap.
2015-01-26 17:32:58 INFO  rend [RenderJob] Preprocessing time: 2.4216m
2015-01-26 17:32:58 INFO  rend [SamplingIntegrator] Starting render job (768x576, 64 samples, 4 cores, SSE2 enabled) ..
2015-01-26 17:49:46 INFO  rend [RenderJob] Render time: 19.2301m
2015-01-26 17:49:46 DEBUG rend [HDRFilm] Developing film ..
2015-01-26 17:49:46 INFO  rend [HDRFilm] Writing image to "E:\Kekse\projekte\Bachelorarbeit\Szenen\veach_bidir\bidir.exr" ..
2015-01-26 17:49:46 DEBUG rend [Bitmap] Writing a 768x576 OpenEXR file
2015-01-26 17:49:46 DEBUG rend [Thread] Thread "rend" has finished
2015-01-26 17:50:58 DEBUG main [Bitmap] Writing a 768x576 PNG file
2015-01-26 17:51:10 DEBUG main [GLProgram] Freeing GPU program "vpl=AreaLightShader, bsdf=SmoothDielectricShader, ds"
2015-01-26 17:51:10 DEBUG main [GLProgram] Freeing GPU program "vpl=AreaLightShader, bsdf=SmoothDiffuseShader[ConstantSpectrumTextureShader], ds"
2015-01-26 17:51:10 DEBUG main [GLProgram] Freeing GPU program "vpl=AreaLightShader, bsdf=SmoothDiffuseShader[ConstantSpectrumTextureShader], emitter=AreaLightShader, ds"
2015-01-26 17:51:10 DEBUG main [GLProgram] Freeing GPU program "vpl=AreaLightShader, bsdf=WardShader[ConstantSpectrumTextureShader, ConstantSpectrumTextureShader, ConstantFloatTextureShader, ConstantFloatTextureShader], ds"
2015-01-26 17:51:10 DEBUG main [GLProgram] Freeing GPU program "vpl=SmoothDiffuseShader[ConstantSpectrumTextureShader], bsdf=SmoothDielectricShader, ds"
2015-01-26 17:51:10 DEBUG main [GLProgram] Freeing GPU program "vpl=SmoothDiffuseShader[ConstantSpectrumTextureShader], bsdf=SmoothDiffuseShader[ConstantSpectrumTextureShader], ds"
2015-01-26 17:51:10 DEBUG main [GLProgram] Freeing GPU program "vpl=SmoothDiffuseShader[ConstantSpectrumTextureShader], bsdf=SmoothDiffuseShader[ConstantSpectrumTextureShader], emitter=AreaLightShader, ds"
2015-01-26 17:51:10 DEBUG main [GLProgram] Freeing GPU program "vpl=SmoothDiffuseShader[ConstantSpectrumTextureShader], bsdf=WardShader[ConstantSpectrumTextureShader, ConstantSpectrumTextureShader, ConstantFloatTextureShader, ConstantFloatTextureShader], ds"
2015-01-26 17:51:10 DEBUG main [GLProgram] Freeing GPU program "vpl=WardShader[ConstantSpectrumTextureShader, ConstantSpectrumTextureShader, ConstantFloatTextureShader, ConstantFloatTextureShader], bsdf=SmoothDielectricShader, ds"
2015-01-26 17:51:10 DEBUG main [GLProgram] Freeing GPU program "vpl=WardShader[ConstantSpectrumTextureShader, ConstantSpectrumTextureShader, ConstantFloatTextureShader, ConstantFloatTextureShader], bsdf=SmoothDiffuseShader[ConstantSpectrumTextureShader], ds"
2015-01-26 17:51:10 DEBUG main [GLProgram] Freeing GPU program "vpl=WardShader[ConstantSpectrumTextureShader, ConstantSpectrumTextureShader, ConstantFloatTextureShader, ConstantFloatTextureShader], bsdf=SmoothDiffuseShader[ConstantSpectrumTextureShader], emitter=AreaLightShader, ds"
2015-01-26 17:51:10 DEBUG main [GLProgram] Freeing GPU program "vpl=WardShader[ConstantSpectrumTextureShader, ConstantSpectrumTextureShader, ConstantFloatTextureShader, ConstantFloatTextureShader], bsdf=WardShader[ConstantSpectrumTextureShader, ConstantSpectrumTextureShader, ConstantFloatTextureShader, ConstantFloatTextureShader], ds"
2015-01-26 17:51:10 DEBUG prvw [GLProgram] Freeing GPU program "Directional shadow map generator"
2015-01-26 17:51:10 DEBUG prvw [GLProgram] Freeing GPU program "Paraboloid shadow map generator"
2015-01-26 17:51:10 DEBUG prvw [GLProgram] Freeing GPU program "Cube/Hemicube shadow map generator (5/6 pass version)"
2015-01-26 17:51:10 DEBUG prvw [GLProgram] Freeing GPU program "Cube shadow map generator (1 pass version)"
2015-01-26 17:51:10 DEBUG prvw [GLProgram] Freeing GPU program "Hemicube shadow map generator (1 pass version)"
2015-01-26 17:51:10 DEBUG prvw [GLProgram] Freeing GPU program "Accumulation program"
2015-01-26 17:51:10 DEBUG prvw [WGLRenderer] Shutting down WGL Renderer
2015-01-26 17:51:10 DEBUG prvw [WGLDevice] Shutting down WGL device
2015-01-26 17:51:10 DEBUG prvw [Thread] Thread "prvw" has finished
2015-01-26 17:51:10 DEBUG wrk3 [Thread] Thread "wrk3" has finished
2015-01-26 17:51:10 DEBUG wrk2 [Thread] Thread "wrk2" has finished
2015-01-26 17:51:10 DEBUG wrk0 [Thread] Thread "wrk0" has finished
2015-01-26 17:51:10 DEBUG wrk1 [Thread] Thread "wrk1" has finished
2015-01-26 17:51:10 DEBUG main [GLProgram] Freeing GPU program "Log-luminance program"
2015-01-26 17:51:10 DEBUG main [GLProgram] Freeing GPU program "Downsampling program"
2015-01-26 17:51:10 DEBUG main [GLProgram] Freeing GPU program "Tonemapper [Reinhard et al. 2002]"
2015-01-26 17:51:10 DEBUG main [GLProgram] Freeing GPU program "Tonemapper [Gamma]"
2015-01-26 17:51:10 DEBUG main [WGLSession] Shutting down WGL session
2015-01-26 17:51:10 INFO  main [statistics.cpp:142] Statistics:
------------------------------------------------------------
 * Loaded plugins :
    -  plugins\area.dll [Area light]
    -  plugins\bdpt.dll [Bidirectional path tracer]
    -  plugins\dielectric.dll [Smooth dielectric BSDF]
    -  plugins\diffuse.dll [Smooth diffuse BRDF]
    -  plugins\gaussian.dll [Gaussian reconstruction filter]
    -  plugins\halton.dll [Halton QMC sampler]
    -  plugins\hdrfilm.dll [High dynamic range film]
    -  plugins\homogeneous.dll [Homogeneous medium]
    -  plugins\isotropic.dll [Isotropic phase function]
    -  plugins\ldsampler.dll [Low discrepancy sampler]
    -  plugins\mypathtracerandphotonmapper.dll [My Path Tracer and Photon Mapper]
    -  plugins\perspective.dll [Perspective camera]
    -  plugins\serialized.dll [Serialized mesh loader]
    -  plugins\ward.dll [Anisotropic Ward BRDF]

  * General :
    -  Normal rays traced : 433.158 M
    -  Shadow rays traced : 195.048 M

  * VPL renderer :
    -  Max. # of drawn triangles : 3.392 K
    -  Pruned VPLs : 60.00 % (6.00 of 10.00)
------------------------------------------------------------
